<?xml version="1.0" encoding="UTF-8"?>
<testsuite xmlns:xsi="http://www.w3.org/2001/XMLSchema-instance" xsi:noNamespaceSchemaLocation="https://maven.apache.org/surefire/maven-surefire-plugin/xsd/surefire-test-report-3.0.xsd" version="3.0" name="TestSuite" time="30.258" tests="4" errors="0" skipped="0" failures="0">
  <properties>
    <property name="sun.desktop" value="windows"/>
    <property name="awt.toolkit" value="sun.awt.windows.WToolkit"/>
    <property name="file.encoding.pkg" value="sun.io"/>
    <property name="java.specification.version" value="1.8"/>
    <property name="sun.cpu.isalist" value="amd64"/>
    <property name="sun.jnu.encoding" value="Cp1252"/>
    <property name="java.class.path" value="C:\Users\chowd\eclipse-workspace\Tutorials_Ninja_Hybrid_Framework\target\test-classes;C:\Users\chowd\eclipse-workspace\Tutorials_Ninja_Hybrid_Framework\target\classes;C:\Users\chowd\.m2\repository\com\github\ralfstuckert\pdfbox-layout\pdfbox2-layout\1.0.1\pdfbox2-layout-1.0.1.jar;C:\Users\chowd\.m2\repository\org\apache\pdfbox\pdfbox\2.0.4\pdfbox-2.0.4.jar;C:\Users\chowd\.m2\repository\org\apache\pdfbox\fontbox\2.0.4\fontbox-2.0.4.jar;C:\Program Files\Java\jdk1.8.0_333\lib\tools.jar;C:\Users\chowd\.m2\repository\org\seleniumhq\selenium\selenium-java\4.8.2\selenium-java-4.8.2.jar;C:\Users\chowd\.m2\repository\org\seleniumhq\selenium\selenium-api\4.8.2\selenium-api-4.8.2.jar;C:\Users\chowd\.m2\repository\org\seleniumhq\selenium\selenium-chrome-driver\4.8.2\selenium-chrome-driver-4.8.2.jar;C:\Users\chowd\.m2\repository\com\google\auto\service\auto-service-annotations\1.0.1\auto-service-annotations-1.0.1.jar;C:\Users\chowd\.m2\repository\com\google\auto\service\auto-service\1.0.1\auto-service-1.0.1.jar;C:\Users\chowd\.m2\repository\com\google\auto\auto-common\1.2\auto-common-1.2.jar;C:\Users\chowd\.m2\repository\com\google\guava\guava\31.1-jre\guava-31.1-jre.jar;C:\Users\chowd\.m2\repository\com\google\guava\failureaccess\1.0.1\failureaccess-1.0.1.jar;C:\Users\chowd\.m2\repository\com\google\guava\listenablefuture\9999.0-empty-to-avoid-conflict-with-guava\listenablefuture-9999.0-empty-to-avoid-conflict-with-guava.jar;C:\Users\chowd\.m2\repository\com\google\code\findbugs\jsr305\3.0.2\jsr305-3.0.2.jar;C:\Users\chowd\.m2\repository\org\checkerframework\checker-qual\3.12.0\checker-qual-3.12.0.jar;C:\Users\chowd\.m2\repository\com\google\errorprone\error_prone_annotations\2.11.0\error_prone_annotations-2.11.0.jar;C:\Users\chowd\.m2\repository\com\google\j2objc\j2objc-annotations\1.3\j2objc-annotations-1.3.jar;C:\Users\chowd\.m2\repository\org\seleniumhq\selenium\selenium-chromium-driver\4.8.2\selenium-chromium-driver-4.8.2.jar;C:\Users\chowd\.m2\repository\org\seleniumhq\selenium\selenium-json\4.8.2\selenium-json-4.8.2.jar;C:\Users\chowd\.m2\repository\org\seleniumhq\selenium\selenium-manager\4.8.2\selenium-manager-4.8.2.jar;C:\Users\chowd\.m2\repository\org\seleniumhq\selenium\selenium-devtools-v109\4.8.2\selenium-devtools-v109-4.8.2.jar;C:\Users\chowd\.m2\repository\org\seleniumhq\selenium\selenium-devtools-v110\4.8.2\selenium-devtools-v110-4.8.2.jar;C:\Users\chowd\.m2\repository\org\seleniumhq\selenium\selenium-devtools-v111\4.8.2\selenium-devtools-v111-4.8.2.jar;C:\Users\chowd\.m2\repository\org\seleniumhq\selenium\selenium-devtools-v85\4.8.2\selenium-devtools-v85-4.8.2.jar;C:\Users\chowd\.m2\repository\org\seleniumhq\selenium\selenium-edge-driver\4.8.2\selenium-edge-driver-4.8.2.jar;C:\Users\chowd\.m2\repository\org\seleniumhq\selenium\selenium-firefox-driver\4.8.2\selenium-firefox-driver-4.8.2.jar;C:\Users\chowd\.m2\repository\org\seleniumhq\selenium\selenium-http\4.8.2\selenium-http-4.8.2.jar;C:\Users\chowd\.m2\repository\dev\failsafe\failsafe\3.3.1\failsafe-3.3.1.jar;C:\Users\chowd\.m2\repository\org\seleniumhq\selenium\selenium-ie-driver\4.8.2\selenium-ie-driver-4.8.2.jar;C:\Users\chowd\.m2\repository\org\seleniumhq\selenium\selenium-remote-driver\4.8.2\selenium-remote-driver-4.8.2.jar;C:\Users\chowd\.m2\repository\io\netty\netty-buffer\4.1.90.Final\netty-buffer-4.1.90.Final.jar;C:\Users\chowd\.m2\repository\io\netty\netty-codec-http\4.1.90.Final\netty-codec-http-4.1.90.Final.jar;C:\Users\chowd\.m2\repository\io\netty\netty-codec\4.1.90.Final\netty-codec-4.1.90.Final.jar;C:\Users\chowd\.m2\repository\io\netty\netty-handler\4.1.90.Final\netty-handler-4.1.90.Final.jar;C:\Users\chowd\.m2\repository\io\netty\netty-common\4.1.90.Final\netty-common-4.1.90.Final.jar;C:\Users\chowd\.m2\repository\io\netty\netty-transport-classes-epoll\4.1.90.Final\netty-transport-classes-epoll-4.1.90.Final.jar;C:\Users\chowd\.m2\repository\io\netty\netty-transport-classes-kqueue\4.1.90.Final\netty-transport-classes-kqueue-4.1.90.Final.jar;C:\Users\chowd\.m2\repository\io\netty\netty-transport-native-epoll\4.1.90.Final\netty-transport-native-epoll-4.1.90.Final.jar;C:\Users\chowd\.m2\repository\io\netty\netty-transport-native-kqueue\4.1.90.Final\netty-transport-native-kqueue-4.1.90.Final.jar;C:\Users\chowd\.m2\repository\io\netty\netty-transport-native-unix-common\4.1.90.Final\netty-transport-native-unix-common-4.1.90.Final.jar;C:\Users\chowd\.m2\repository\io\netty\netty-transport\4.1.90.Final\netty-transport-4.1.90.Final.jar;C:\Users\chowd\.m2\repository\io\netty\netty-resolver\4.1.90.Final\netty-resolver-4.1.90.Final.jar;C:\Users\chowd\.m2\repository\io\opentelemetry\opentelemetry-api\1.24.0\opentelemetry-api-1.24.0.jar;C:\Users\chowd\.m2\repository\io\opentelemetry\opentelemetry-context\1.24.0\opentelemetry-context-1.24.0.jar;C:\Users\chowd\.m2\repository\io\opentelemetry\opentelemetry-exporter-logging\1.24.0\opentelemetry-exporter-logging-1.24.0.jar;C:\Users\chowd\.m2\repository\io\opentelemetry\opentelemetry-sdk-metrics\1.24.0\opentelemetry-sdk-metrics-1.24.0.jar;C:\Users\chowd\.m2\repository\io\opentelemetry\opentelemetry-sdk-logs\1.24.0-alpha\opentelemetry-sdk-logs-1.24.0-alpha.jar;C:\Users\chowd\.m2\repository\io\opentelemetry\opentelemetry-api-logs\1.24.0-alpha\opentelemetry-api-logs-1.24.0-alpha.jar;C:\Users\chowd\.m2\repository\io\opentelemetry\opentelemetry-api-events\1.24.0-alpha\opentelemetry-api-events-1.24.0-alpha.jar;C:\Users\chowd\.m2\repository\io\opentelemetry\opentelemetry-sdk-common\1.24.0\opentelemetry-sdk-common-1.24.0.jar;C:\Users\chowd\.m2\repository\io\opentelemetry\opentelemetry-sdk-extension-autoconfigure-spi\1.24.0\opentelemetry-sdk-extension-autoconfigure-spi-1.24.0.jar;C:\Users\chowd\.m2\repository\io\opentelemetry\opentelemetry-sdk-extension-autoconfigure\1.24.0-alpha\opentelemetry-sdk-extension-autoconfigure-1.24.0-alpha.jar;C:\Users\chowd\.m2\repository\io\opentelemetry\opentelemetry-sdk-trace\1.24.0\opentelemetry-sdk-trace-1.24.0.jar;C:\Users\chowd\.m2\repository\io\opentelemetry\opentelemetry-sdk\1.24.0\opentelemetry-sdk-1.24.0.jar;C:\Users\chowd\.m2\repository\io\opentelemetry\opentelemetry-semconv\1.24.0-alpha\opentelemetry-semconv-1.24.0-alpha.jar;C:\Users\chowd\.m2\repository\io\ous\jtoml\2.0.0\jtoml-2.0.0.jar;C:\Users\chowd\.m2\repository\net\bytebuddy\byte-buddy\1.14.2\byte-buddy-1.14.2.jar;C:\Users\chowd\.m2\repository\org\apache\commons\commons-exec\1.3\commons-exec-1.3.jar;C:\Users\chowd\.m2\repository\org\asynchttpclient\async-http-client\2.12.3\async-http-client-2.12.3.jar;C:\Users\chowd\.m2\repository\org\asynchttpclient\async-http-client-netty-utils\2.12.3\async-http-client-netty-utils-2.12.3.jar;C:\Users\chowd\.m2\repository\io\netty\netty-codec-socks\4.1.60.Final\netty-codec-socks-4.1.60.Final.jar;C:\Users\chowd\.m2\repository\io\netty\netty-handler-proxy\4.1.60.Final\netty-handler-proxy-4.1.60.Final.jar;C:\Users\chowd\.m2\repository\io\netty\netty-transport-native-epoll\4.1.60.Final\netty-transport-native-epoll-4.1.60.Final-linux-x86_64.jar;C:\Users\chowd\.m2\repository\io\netty\netty-transport-native-kqueue\4.1.60.Final\netty-transport-native-kqueue-4.1.60.Final-osx-x86_64.jar;C:\Users\chowd\.m2\repository\com\typesafe\netty\netty-reactive-streams\2.0.4\netty-reactive-streams-2.0.4.jar;C:\Users\chowd\.m2\repository\com\sun\activation\jakarta.activation\1.2.2\jakarta.activation-1.2.2.jar;C:\Users\chowd\.m2\repository\org\seleniumhq\selenium\selenium-safari-driver\4.8.2\selenium-safari-driver-4.8.2.jar;C:\Users\chowd\.m2\repository\org\seleniumhq\selenium\selenium-support\4.8.2\selenium-support-4.8.2.jar;C:\Users\chowd\.m2\repository\org\testng\testng\6.14.3\testng-6.14.3.jar;C:\Users\chowd\.m2\repository\com\beust\jcommander\1.72\jcommander-1.72.jar;C:\Users\chowd\.m2\repository\org\apache-extras\beanshell\bsh\2.0b6\bsh-2.0b6.jar;C:\Users\chowd\.m2\repository\io\appium\java-client\7.5.1\java-client-7.5.1.jar;C:\Users\chowd\.m2\repository\com\google\code\gson\gson\2.8.6\gson-2.8.6.jar;C:\Users\chowd\.m2\repository\org\apache\httpcomponents\httpclient\4.5.13\httpclient-4.5.13.jar;C:\Users\chowd\.m2\repository\org\apache\httpcomponents\httpcore\4.4.13\httpcore-4.4.13.jar;C:\Users\chowd\.m2\repository\cglib\cglib\3.3.0\cglib-3.3.0.jar;C:\Users\chowd\.m2\repository\commons-validator\commons-validator\1.7\commons-validator-1.7.jar;C:\Users\chowd\.m2\repository\commons-beanutils\commons-beanutils\1.9.4\commons-beanutils-1.9.4.jar;C:\Users\chowd\.m2\repository\commons-digester\commons-digester\2.1\commons-digester-2.1.jar;C:\Users\chowd\.m2\repository\org\apache\commons\commons-lang3\3.12.0\commons-lang3-3.12.0.jar;C:\Users\chowd\.m2\repository\org\springframework\spring-context\5.3.4\spring-context-5.3.4.jar;C:\Users\chowd\.m2\repository\org\springframework\spring-aop\5.3.4\spring-aop-5.3.4.jar;C:\Users\chowd\.m2\repository\org\springframework\spring-beans\5.3.4\spring-beans-5.3.4.jar;C:\Users\chowd\.m2\repository\org\springframework\spring-core\5.3.4\spring-core-5.3.4.jar;C:\Users\chowd\.m2\repository\org\springframework\spring-jcl\5.3.4\spring-jcl-5.3.4.jar;C:\Users\chowd\.m2\repository\org\springframework\spring-expression\5.3.4\spring-expression-5.3.4.jar;C:\Users\chowd\.m2\repository\org\aspectj\aspectjweaver\1.9.6\aspectjweaver-1.9.6.jar;C:\Users\chowd\.m2\repository\org\slf4j\slf4j-api\1.7.30\slf4j-api-1.7.30.jar;C:\Users\chowd\.m2\repository\io\github\bonigarcia\webdrivermanager\5.2.1\webdrivermanager-5.2.1.jar;C:\Users\chowd\.m2\repository\com\github\docker-java\docker-java\3.2.13\docker-java-3.2.13.jar;C:\Users\chowd\.m2\repository\com\github\docker-java\docker-java-core\3.2.13\docker-java-core-3.2.13.jar;C:\Users\chowd\.m2\repository\com\github\docker-java\docker-java-api\3.2.13\docker-java-api-3.2.13.jar;C:\Users\chowd\.m2\repository\org\bouncycastle\bcpkix-jdk15on\1.64\bcpkix-jdk15on-1.64.jar;C:\Users\chowd\.m2\repository\org\bouncycastle\bcprov-jdk15on\1.64\bcprov-jdk15on-1.64.jar;C:\Users\chowd\.m2\repository\org\slf4j\jcl-over-slf4j\1.7.30\jcl-over-slf4j-1.7.30.jar;C:\Users\chowd\.m2\repository\com\github\docker-java\docker-java-transport-httpclient5\3.2.13\docker-java-transport-httpclient5-3.2.13.jar;C:\Users\chowd\.m2\repository\com\github\docker-java\docker-java-transport\3.2.13\docker-java-transport-3.2.13.jar;C:\Users\chowd\.m2\repository\net\java\dev\jna\jna\5.8.0\jna-5.8.0.jar;C:\Users\chowd\.m2\repository\org\brotli\dec\0.1.2\dec-0.1.2.jar;C:\Users\chowd\.m2\repository\org\apache\httpcomponents\client5\httpclient5\5.1.3\httpclient5-5.1.3.jar;C:\Users\chowd\.m2\repository\org\apache\httpcomponents\core5\httpcore5\5.1.3\httpcore5-5.1.3.jar;C:\Users\chowd\.m2\repository\org\apache\httpcomponents\core5\httpcore5-h2\5.1.3\httpcore5-h2-5.1.3.jar;C:\Users\chowd\.m2\repository\io\cucumber\cucumber-core\6.10.4\cucumber-core-6.10.4.jar;C:\Users\chowd\.m2\repository\io\cucumber\cucumber-gherkin\6.10.4\cucumber-gherkin-6.10.4.jar;C:\Users\chowd\.m2\repository\io\cucumber\cucumber-gherkin-messages\6.10.4\cucumber-gherkin-messages-6.10.4.jar;C:\Users\chowd\.m2\repository\io\cucumber\messages\15.0.0\messages-15.0.0.jar;C:\Users\chowd\.m2\repository\io\cucumber\tag-expressions\3.0.1\tag-expressions-3.0.1.jar;C:\Users\chowd\.m2\repository\io\cucumber\cucumber-expressions\10.3.0\cucumber-expressions-10.3.0.jar;C:\Users\chowd\.m2\repository\io\cucumber\datatable\3.5.0\datatable-3.5.0.jar;C:\Users\chowd\.m2\repository\io\cucumber\cucumber-plugin\6.10.4\cucumber-plugin-6.10.4.jar;C:\Users\chowd\.m2\repository\io\cucumber\docstring\6.10.4\docstring-6.10.4.jar;C:\Users\chowd\.m2\repository\io\cucumber\html-formatter\13.0.0\html-formatter-13.0.0.jar;C:\Users\chowd\.m2\repository\io\cucumber\create-meta\4.0.0\create-meta-4.0.0.jar;C:\Users\chowd\.m2\repository\org\apiguardian\apiguardian-api\1.1.1\apiguardian-api-1.1.1.jar;C:\Users\chowd\.m2\repository\io\cucumber\cucumber-java\6.10.4\cucumber-java-6.10.4.jar;C:\Users\chowd\.m2\repository\io\cucumber\cucumber-junit\6.10.4\cucumber-junit-6.10.4.jar;C:\Users\chowd\.m2\repository\io\cucumber\cucumber-testng\6.10.4\cucumber-testng-6.10.4.jar;C:\Users\chowd\.m2\repository\io\cucumber\cucumber-jvm-deps\1.0.6\cucumber-jvm-deps-1.0.6.jar;C:\Users\chowd\.m2\repository\net\masterthought\cucumber-reporting\5.5.3\cucumber-reporting-5.5.3.jar;C:\Users\chowd\.m2\repository\com\fasterxml\jackson\core\jackson-databind\2.12.1\jackson-databind-2.12.1.jar;C:\Users\chowd\.m2\repository\com\fasterxml\jackson\core\jackson-annotations\2.12.1\jackson-annotations-2.12.1.jar;C:\Users\chowd\.m2\repository\com\fasterxml\jackson\core\jackson-core\2.12.1\jackson-core-2.12.1.jar;C:\Users\chowd\.m2\repository\com\fasterxml\jackson\datatype\jackson-datatype-jsr310\2.12.1\jackson-datatype-jsr310-2.12.1.jar;C:\Users\chowd\.m2\repository\org\apache\velocity\velocity-engine-core\2.2\velocity-engine-core-2.2.jar;C:\Users\chowd\.m2\repository\commons-collections\commons-collections\3.2.2\commons-collections-3.2.2.jar;C:\Users\chowd\.m2\repository\joda-time\joda-time\2.10.9\joda-time-2.10.9.jar;C:\Users\chowd\.m2\repository\org\codehaus\plexus\plexus-utils\3.3.0\plexus-utils-3.3.0.jar;C:\Users\chowd\.m2\repository\org\jsoup\jsoup\1.13.1\jsoup-1.13.1.jar;C:\Users\chowd\.m2\repository\com\googlecode\owasp-java-html-sanitizer\owasp-java-html-sanitizer\20200713.1\owasp-java-html-sanitizer-20200713.1.jar;C:\Users\chowd\.m2\repository\commons-configuration\commons-configuration\1.10\commons-configuration-1.10.jar;C:\Users\chowd\.m2\repository\commons-lang\commons-lang\2.6\commons-lang-2.6.jar;C:\Users\chowd\.m2\repository\org\hamcrest\hamcrest-core\2.2\hamcrest-core-2.2.jar;C:\Users\chowd\.m2\repository\org\hamcrest\hamcrest\2.2\hamcrest-2.2.jar;C:\Users\chowd\.m2\repository\io\cucumber\gherkin\5.1.0\gherkin-5.1.0.jar;C:\Users\chowd\.m2\repository\io\cucumber\gherkin-jvm-deps\1.0.4\gherkin-jvm-deps-1.0.4.jar;C:\Users\chowd\.m2\repository\net\sourceforge\cobertura\cobertura\2.1.1\cobertura-2.1.1.jar;C:\Users\chowd\.m2\repository\org\ow2\asm\asm\5.0.1\asm-5.0.1.jar;C:\Users\chowd\.m2\repository\org\ow2\asm\asm-tree\5.0.1\asm-tree-5.0.1.jar;C:\Users\chowd\.m2\repository\org\ow2\asm\asm-commons\5.0.1\asm-commons-5.0.1.jar;C:\Users\chowd\.m2\repository\org\ow2\asm\asm-util\5.0.1\asm-util-5.0.1.jar;C:\Users\chowd\.m2\repository\org\ow2\asm\asm-analysis\5.0.1\asm-analysis-5.0.1.jar;C:\Users\chowd\.m2\repository\oro\oro\2.0.8\oro-2.0.8.jar;C:\Users\chowd\.m2\repository\jaxen\jaxen\1.1.4\jaxen-1.1.4.jar;C:\Users\chowd\.m2\repository\org\apache\ant\ant\1.8.3\ant-1.8.3.jar;C:\Users\chowd\.m2\repository\org\apache\ant\ant-launcher\1.8.3\ant-launcher-1.8.3.jar;C:\Users\chowd\.m2\repository\org\apache\ant\ant-junit\1.8.3\ant-junit-1.8.3.jar;C:\Users\chowd\.m2\repository\org\mortbay\jetty\servlet-api-2.5\6.1.14\servlet-api-2.5-6.1.14.jar;C:\Users\chowd\.m2\repository\org\mortbay\jetty\jetty\6.1.14\jetty-6.1.14.jar;C:\Users\chowd\.m2\repository\org\mortbay\jetty\jetty-util\6.1.14\jetty-util-6.1.14.jar;C:\Users\chowd\.m2\repository\ch\qos\logback\logback-classic\1.0.13\logback-classic-1.0.13.jar;C:\Users\chowd\.m2\repository\ch\qos\logback\logback-core\1.0.13\logback-core-1.0.13.jar;C:\Users\chowd\.m2\repository\junit\junit\4.11\junit-4.11.jar;C:\Users\chowd\.m2\repository\org\apache\poi\poi-ooxml\4.1.1\poi-ooxml-4.1.1.jar;C:\Users\chowd\.m2\repository\org\apache\commons\commons-compress\1.19\commons-compress-1.19.jar;C:\Users\chowd\.m2\repository\com\github\virtuald\curvesapi\1.06\curvesapi-1.06.jar;C:\Users\chowd\.m2\repository\org\apache\poi\poi\4.1.1\poi-4.1.1.jar;C:\Users\chowd\.m2\repository\commons-codec\commons-codec\1.13\commons-codec-1.13.jar;C:\Users\chowd\.m2\repository\org\apache\commons\commons-collections4\4.4\commons-collections4-4.4.jar;C:\Users\chowd\.m2\repository\org\apache\commons\commons-math3\3.6.1\commons-math3-3.6.1.jar;C:\Users\chowd\.m2\repository\org\apache\poi\poi-ooxml-schemas\4.1.1\poi-ooxml-schemas-4.1.1.jar;C:\Users\chowd\.m2\repository\org\apache\xmlbeans\xmlbeans\3.1.0\xmlbeans-3.1.0.jar;C:\Users\chowd\.m2\repository\commons-io\commons-io\2.6\commons-io-2.6.jar;C:\Users\chowd\.m2\repository\org\apache\httpcomponents\fluent-hc\4.5.13\fluent-hc-4.5.13.jar;C:\Users\chowd\.m2\repository\commons-logging\commons-logging\1.2\commons-logging-1.2.jar;C:\Users\chowd\.m2\repository\org\apache\poi\poi-scratchpad\4.1.1\poi-scratchpad-4.1.1.jar;C:\Users\chowd\.m2\repository\org\apache\poi\openxml4j\1.0-beta\openxml4j-1.0-beta.jar;C:\Users\chowd\.m2\repository\dom4j\dom4j\1.6.1\dom4j-1.6.1.jar;C:\Users\chowd\.m2\repository\xml-apis\xml-apis\1.0.b2\xml-apis-1.0.b2.jar;C:\Users\chowd\.m2\repository\log4j\log4j\1.2.8\log4j-1.2.8.jar;C:\Users\chowd\.m2\repository\com\googlecode\json-simple\json-simple\1.1.1\json-simple-1.1.1.jar;C:\Users\chowd\.m2\repository\tech\grasshopper\extentreports-cucumber6-adapter\2.6.0\extentreports-cucumber6-adapter-2.6.0.jar;C:\Users\chowd\.m2\repository\tech\grasshopper\extent-pdf-report\1.5.0\extent-pdf-report-1.5.0.jar;C:\Users\chowd\.m2\repository\tech\grasshopper\cucumber-pdf-report\1.7.0\cucumber-pdf-report-1.7.0.jar;C:\Users\chowd\.m2\repository\org\knowm\xchart\xchart\3.6.5\xchart-3.6.5.jar;C:\Users\chowd\.m2\repository\de\erichseifert\vectorgraphics2d\VectorGraphics2D\0.13\VectorGraphics2D-0.13.jar;C:\Users\chowd\.m2\repository\de\rototor\pdfbox\graphics2d\0.27\graphics2d-0.27.jar;C:\Users\chowd\.m2\repository\com\madgag\animated-gif-lib\1.4\animated-gif-lib-1.4.jar;C:\Users\chowd\.m2\repository\com\github\vandeseer\easytable\0.7.1\easytable-0.7.1.jar;C:\Users\chowd\.m2\repository\org\yaml\snakeyaml\1.27\snakeyaml-1.27.jar;C:\Users\chowd\.m2\repository\com\aventstack\klov-reporter\5.0.5\klov-reporter-5.0.5.jar;C:\Users\chowd\.m2\repository\org\mongodb\bson\3.6.4\bson-3.6.4.jar;C:\Users\chowd\.m2\repository\org\apache\httpcomponents\httpmime\4.5.2\httpmime-4.5.2.jar;C:\Users\chowd\.m2\repository\org\mongodb\mongodb-driver\3.3.0\mongodb-driver-3.3.0.jar;C:\Users\chowd\.m2\repository\org\mongodb\mongodb-driver-core\3.3.0\mongodb-driver-core-3.3.0.jar;C:\Users\chowd\.m2\repository\com\aventstack\extentreports\5.0.9\extentreports-5.0.9.jar;C:\Users\chowd\.m2\repository\io\reactivex\rxjava3\rxjava\3.0.4\rxjava-3.0.4.jar;C:\Users\chowd\.m2\repository\org\reactivestreams\reactive-streams\1.0.3\reactive-streams-1.0.3.jar;C:\Users\chowd\.m2\repository\org\freemarker\freemarker\2.3.30\freemarker-2.3.30.jar;C:\Users\chowd\.m2\repository\org\projectlombok\lombok\1.18.12\lombok-1.18.12.jar;"/>
    <property name="java.vm.vendor" value="Oracle Corporation"/>
    <property name="sun.arch.data.model" value="64"/>
    <property name="user.variant" value=""/>
    <property name="java.vendor.url" value="http://java.oracle.com/"/>
    <property name="user.timezone" value="America/Los_Angeles"/>
    <property name="java.vm.specification.version" value="1.8"/>
    <property name="os.name" value="Windows 11"/>
    <property name="user.country" value="US"/>
    <property name="sun.java.launcher" value="SUN_STANDARD"/>
    <property name="sun.boot.library.path" value="C:\Program Files\Java\jdk1.8.0_333\jre\bin"/>
    <property name="sun.java.command" value="C:\Users\chowd\AppData\Local\Temp\surefire856916647667832333\surefirebooter-20230526163430510_3.jar C:\Users\chowd\AppData\Local\Temp\surefire856916647667832333 2023-05-26T16-34-30_034-jvmRun1 surefire-20230526163430510_1tmp surefire_0-20230526163430510_2tmp"/>
    <property name="surefire.test.class.path" value="C:\Users\chowd\eclipse-workspace\Tutorials_Ninja_Hybrid_Framework\target\test-classes;C:\Users\chowd\eclipse-workspace\Tutorials_Ninja_Hybrid_Framework\target\classes;C:\Users\chowd\.m2\repository\com\github\ralfstuckert\pdfbox-layout\pdfbox2-layout\1.0.1\pdfbox2-layout-1.0.1.jar;C:\Users\chowd\.m2\repository\org\apache\pdfbox\pdfbox\2.0.4\pdfbox-2.0.4.jar;C:\Users\chowd\.m2\repository\org\apache\pdfbox\fontbox\2.0.4\fontbox-2.0.4.jar;C:\Program Files\Java\jdk1.8.0_333\lib\tools.jar;C:\Users\chowd\.m2\repository\org\seleniumhq\selenium\selenium-java\4.8.2\selenium-java-4.8.2.jar;C:\Users\chowd\.m2\repository\org\seleniumhq\selenium\selenium-api\4.8.2\selenium-api-4.8.2.jar;C:\Users\chowd\.m2\repository\org\seleniumhq\selenium\selenium-chrome-driver\4.8.2\selenium-chrome-driver-4.8.2.jar;C:\Users\chowd\.m2\repository\com\google\auto\service\auto-service-annotations\1.0.1\auto-service-annotations-1.0.1.jar;C:\Users\chowd\.m2\repository\com\google\auto\service\auto-service\1.0.1\auto-service-1.0.1.jar;C:\Users\chowd\.m2\repository\com\google\auto\auto-common\1.2\auto-common-1.2.jar;C:\Users\chowd\.m2\repository\com\google\guava\guava\31.1-jre\guava-31.1-jre.jar;C:\Users\chowd\.m2\repository\com\google\guava\failureaccess\1.0.1\failureaccess-1.0.1.jar;C:\Users\chowd\.m2\repository\com\google\guava\listenablefuture\9999.0-empty-to-avoid-conflict-with-guava\listenablefuture-9999.0-empty-to-avoid-conflict-with-guava.jar;C:\Users\chowd\.m2\repository\com\google\code\findbugs\jsr305\3.0.2\jsr305-3.0.2.jar;C:\Users\chowd\.m2\repository\org\checkerframework\checker-qual\3.12.0\checker-qual-3.12.0.jar;C:\Users\chowd\.m2\repository\com\google\errorprone\error_prone_annotations\2.11.0\error_prone_annotations-2.11.0.jar;C:\Users\chowd\.m2\repository\com\google\j2objc\j2objc-annotations\1.3\j2objc-annotations-1.3.jar;C:\Users\chowd\.m2\repository\org\seleniumhq\selenium\selenium-chromium-driver\4.8.2\selenium-chromium-driver-4.8.2.jar;C:\Users\chowd\.m2\repository\org\seleniumhq\selenium\selenium-json\4.8.2\selenium-json-4.8.2.jar;C:\Users\chowd\.m2\repository\org\seleniumhq\selenium\selenium-manager\4.8.2\selenium-manager-4.8.2.jar;C:\Users\chowd\.m2\repository\org\seleniumhq\selenium\selenium-devtools-v109\4.8.2\selenium-devtools-v109-4.8.2.jar;C:\Users\chowd\.m2\repository\org\seleniumhq\selenium\selenium-devtools-v110\4.8.2\selenium-devtools-v110-4.8.2.jar;C:\Users\chowd\.m2\repository\org\seleniumhq\selenium\selenium-devtools-v111\4.8.2\selenium-devtools-v111-4.8.2.jar;C:\Users\chowd\.m2\repository\org\seleniumhq\selenium\selenium-devtools-v85\4.8.2\selenium-devtools-v85-4.8.2.jar;C:\Users\chowd\.m2\repository\org\seleniumhq\selenium\selenium-edge-driver\4.8.2\selenium-edge-driver-4.8.2.jar;C:\Users\chowd\.m2\repository\org\seleniumhq\selenium\selenium-firefox-driver\4.8.2\selenium-firefox-driver-4.8.2.jar;C:\Users\chowd\.m2\repository\org\seleniumhq\selenium\selenium-http\4.8.2\selenium-http-4.8.2.jar;C:\Users\chowd\.m2\repository\dev\failsafe\failsafe\3.3.1\failsafe-3.3.1.jar;C:\Users\chowd\.m2\repository\org\seleniumhq\selenium\selenium-ie-driver\4.8.2\selenium-ie-driver-4.8.2.jar;C:\Users\chowd\.m2\repository\org\seleniumhq\selenium\selenium-remote-driver\4.8.2\selenium-remote-driver-4.8.2.jar;C:\Users\chowd\.m2\repository\io\netty\netty-buffer\4.1.90.Final\netty-buffer-4.1.90.Final.jar;C:\Users\chowd\.m2\repository\io\netty\netty-codec-http\4.1.90.Final\netty-codec-http-4.1.90.Final.jar;C:\Users\chowd\.m2\repository\io\netty\netty-codec\4.1.90.Final\netty-codec-4.1.90.Final.jar;C:\Users\chowd\.m2\repository\io\netty\netty-handler\4.1.90.Final\netty-handler-4.1.90.Final.jar;C:\Users\chowd\.m2\repository\io\netty\netty-common\4.1.90.Final\netty-common-4.1.90.Final.jar;C:\Users\chowd\.m2\repository\io\netty\netty-transport-classes-epoll\4.1.90.Final\netty-transport-classes-epoll-4.1.90.Final.jar;C:\Users\chowd\.m2\repository\io\netty\netty-transport-classes-kqueue\4.1.90.Final\netty-transport-classes-kqueue-4.1.90.Final.jar;C:\Users\chowd\.m2\repository\io\netty\netty-transport-native-epoll\4.1.90.Final\netty-transport-native-epoll-4.1.90.Final.jar;C:\Users\chowd\.m2\repository\io\netty\netty-transport-native-kqueue\4.1.90.Final\netty-transport-native-kqueue-4.1.90.Final.jar;C:\Users\chowd\.m2\repository\io\netty\netty-transport-native-unix-common\4.1.90.Final\netty-transport-native-unix-common-4.1.90.Final.jar;C:\Users\chowd\.m2\repository\io\netty\netty-transport\4.1.90.Final\netty-transport-4.1.90.Final.jar;C:\Users\chowd\.m2\repository\io\netty\netty-resolver\4.1.90.Final\netty-resolver-4.1.90.Final.jar;C:\Users\chowd\.m2\repository\io\opentelemetry\opentelemetry-api\1.24.0\opentelemetry-api-1.24.0.jar;C:\Users\chowd\.m2\repository\io\opentelemetry\opentelemetry-context\1.24.0\opentelemetry-context-1.24.0.jar;C:\Users\chowd\.m2\repository\io\opentelemetry\opentelemetry-exporter-logging\1.24.0\opentelemetry-exporter-logging-1.24.0.jar;C:\Users\chowd\.m2\repository\io\opentelemetry\opentelemetry-sdk-metrics\1.24.0\opentelemetry-sdk-metrics-1.24.0.jar;C:\Users\chowd\.m2\repository\io\opentelemetry\opentelemetry-sdk-logs\1.24.0-alpha\opentelemetry-sdk-logs-1.24.0-alpha.jar;C:\Users\chowd\.m2\repository\io\opentelemetry\opentelemetry-api-logs\1.24.0-alpha\opentelemetry-api-logs-1.24.0-alpha.jar;C:\Users\chowd\.m2\repository\io\opentelemetry\opentelemetry-api-events\1.24.0-alpha\opentelemetry-api-events-1.24.0-alpha.jar;C:\Users\chowd\.m2\repository\io\opentelemetry\opentelemetry-sdk-common\1.24.0\opentelemetry-sdk-common-1.24.0.jar;C:\Users\chowd\.m2\repository\io\opentelemetry\opentelemetry-sdk-extension-autoconfigure-spi\1.24.0\opentelemetry-sdk-extension-autoconfigure-spi-1.24.0.jar;C:\Users\chowd\.m2\repository\io\opentelemetry\opentelemetry-sdk-extension-autoconfigure\1.24.0-alpha\opentelemetry-sdk-extension-autoconfigure-1.24.0-alpha.jar;C:\Users\chowd\.m2\repository\io\opentelemetry\opentelemetry-sdk-trace\1.24.0\opentelemetry-sdk-trace-1.24.0.jar;C:\Users\chowd\.m2\repository\io\opentelemetry\opentelemetry-sdk\1.24.0\opentelemetry-sdk-1.24.0.jar;C:\Users\chowd\.m2\repository\io\opentelemetry\opentelemetry-semconv\1.24.0-alpha\opentelemetry-semconv-1.24.0-alpha.jar;C:\Users\chowd\.m2\repository\io\ous\jtoml\2.0.0\jtoml-2.0.0.jar;C:\Users\chowd\.m2\repository\net\bytebuddy\byte-buddy\1.14.2\byte-buddy-1.14.2.jar;C:\Users\chowd\.m2\repository\org\apache\commons\commons-exec\1.3\commons-exec-1.3.jar;C:\Users\chowd\.m2\repository\org\asynchttpclient\async-http-client\2.12.3\async-http-client-2.12.3.jar;C:\Users\chowd\.m2\repository\org\asynchttpclient\async-http-client-netty-utils\2.12.3\async-http-client-netty-utils-2.12.3.jar;C:\Users\chowd\.m2\repository\io\netty\netty-codec-socks\4.1.60.Final\netty-codec-socks-4.1.60.Final.jar;C:\Users\chowd\.m2\repository\io\netty\netty-handler-proxy\4.1.60.Final\netty-handler-proxy-4.1.60.Final.jar;C:\Users\chowd\.m2\repository\io\netty\netty-transport-native-epoll\4.1.60.Final\netty-transport-native-epoll-4.1.60.Final-linux-x86_64.jar;C:\Users\chowd\.m2\repository\io\netty\netty-transport-native-kqueue\4.1.60.Final\netty-transport-native-kqueue-4.1.60.Final-osx-x86_64.jar;C:\Users\chowd\.m2\repository\com\typesafe\netty\netty-reactive-streams\2.0.4\netty-reactive-streams-2.0.4.jar;C:\Users\chowd\.m2\repository\com\sun\activation\jakarta.activation\1.2.2\jakarta.activation-1.2.2.jar;C:\Users\chowd\.m2\repository\org\seleniumhq\selenium\selenium-safari-driver\4.8.2\selenium-safari-driver-4.8.2.jar;C:\Users\chowd\.m2\repository\org\seleniumhq\selenium\selenium-support\4.8.2\selenium-support-4.8.2.jar;C:\Users\chowd\.m2\repository\org\testng\testng\6.14.3\testng-6.14.3.jar;C:\Users\chowd\.m2\repository\com\beust\jcommander\1.72\jcommander-1.72.jar;C:\Users\chowd\.m2\repository\org\apache-extras\beanshell\bsh\2.0b6\bsh-2.0b6.jar;C:\Users\chowd\.m2\repository\io\appium\java-client\7.5.1\java-client-7.5.1.jar;C:\Users\chowd\.m2\repository\com\google\code\gson\gson\2.8.6\gson-2.8.6.jar;C:\Users\chowd\.m2\repository\org\apache\httpcomponents\httpclient\4.5.13\httpclient-4.5.13.jar;C:\Users\chowd\.m2\repository\org\apache\httpcomponents\httpcore\4.4.13\httpcore-4.4.13.jar;C:\Users\chowd\.m2\repository\cglib\cglib\3.3.0\cglib-3.3.0.jar;C:\Users\chowd\.m2\repository\commons-validator\commons-validator\1.7\commons-validator-1.7.jar;C:\Users\chowd\.m2\repository\commons-beanutils\commons-beanutils\1.9.4\commons-beanutils-1.9.4.jar;C:\Users\chowd\.m2\repository\commons-digester\commons-digester\2.1\commons-digester-2.1.jar;C:\Users\chowd\.m2\repository\org\apache\commons\commons-lang3\3.12.0\commons-lang3-3.12.0.jar;C:\Users\chowd\.m2\repository\org\springframework\spring-context\5.3.4\spring-context-5.3.4.jar;C:\Users\chowd\.m2\repository\org\springframework\spring-aop\5.3.4\spring-aop-5.3.4.jar;C:\Users\chowd\.m2\repository\org\springframework\spring-beans\5.3.4\spring-beans-5.3.4.jar;C:\Users\chowd\.m2\repository\org\springframework\spring-core\5.3.4\spring-core-5.3.4.jar;C:\Users\chowd\.m2\repository\org\springframework\spring-jcl\5.3.4\spring-jcl-5.3.4.jar;C:\Users\chowd\.m2\repository\org\springframework\spring-expression\5.3.4\spring-expression-5.3.4.jar;C:\Users\chowd\.m2\repository\org\aspectj\aspectjweaver\1.9.6\aspectjweaver-1.9.6.jar;C:\Users\chowd\.m2\repository\org\slf4j\slf4j-api\1.7.30\slf4j-api-1.7.30.jar;C:\Users\chowd\.m2\repository\io\github\bonigarcia\webdrivermanager\5.2.1\webdrivermanager-5.2.1.jar;C:\Users\chowd\.m2\repository\com\github\docker-java\docker-java\3.2.13\docker-java-3.2.13.jar;C:\Users\chowd\.m2\repository\com\github\docker-java\docker-java-core\3.2.13\docker-java-core-3.2.13.jar;C:\Users\chowd\.m2\repository\com\github\docker-java\docker-java-api\3.2.13\docker-java-api-3.2.13.jar;C:\Users\chowd\.m2\repository\org\bouncycastle\bcpkix-jdk15on\1.64\bcpkix-jdk15on-1.64.jar;C:\Users\chowd\.m2\repository\org\bouncycastle\bcprov-jdk15on\1.64\bcprov-jdk15on-1.64.jar;C:\Users\chowd\.m2\repository\org\slf4j\jcl-over-slf4j\1.7.30\jcl-over-slf4j-1.7.30.jar;C:\Users\chowd\.m2\repository\com\github\docker-java\docker-java-transport-httpclient5\3.2.13\docker-java-transport-httpclient5-3.2.13.jar;C:\Users\chowd\.m2\repository\com\github\docker-java\docker-java-transport\3.2.13\docker-java-transport-3.2.13.jar;C:\Users\chowd\.m2\repository\net\java\dev\jna\jna\5.8.0\jna-5.8.0.jar;C:\Users\chowd\.m2\repository\org\brotli\dec\0.1.2\dec-0.1.2.jar;C:\Users\chowd\.m2\repository\org\apache\httpcomponents\client5\httpclient5\5.1.3\httpclient5-5.1.3.jar;C:\Users\chowd\.m2\repository\org\apache\httpcomponents\core5\httpcore5\5.1.3\httpcore5-5.1.3.jar;C:\Users\chowd\.m2\repository\org\apache\httpcomponents\core5\httpcore5-h2\5.1.3\httpcore5-h2-5.1.3.jar;C:\Users\chowd\.m2\repository\io\cucumber\cucumber-core\6.10.4\cucumber-core-6.10.4.jar;C:\Users\chowd\.m2\repository\io\cucumber\cucumber-gherkin\6.10.4\cucumber-gherkin-6.10.4.jar;C:\Users\chowd\.m2\repository\io\cucumber\cucumber-gherkin-messages\6.10.4\cucumber-gherkin-messages-6.10.4.jar;C:\Users\chowd\.m2\repository\io\cucumber\messages\15.0.0\messages-15.0.0.jar;C:\Users\chowd\.m2\repository\io\cucumber\tag-expressions\3.0.1\tag-expressions-3.0.1.jar;C:\Users\chowd\.m2\repository\io\cucumber\cucumber-expressions\10.3.0\cucumber-expressions-10.3.0.jar;C:\Users\chowd\.m2\repository\io\cucumber\datatable\3.5.0\datatable-3.5.0.jar;C:\Users\chowd\.m2\repository\io\cucumber\cucumber-plugin\6.10.4\cucumber-plugin-6.10.4.jar;C:\Users\chowd\.m2\repository\io\cucumber\docstring\6.10.4\docstring-6.10.4.jar;C:\Users\chowd\.m2\repository\io\cucumber\html-formatter\13.0.0\html-formatter-13.0.0.jar;C:\Users\chowd\.m2\repository\io\cucumber\create-meta\4.0.0\create-meta-4.0.0.jar;C:\Users\chowd\.m2\repository\org\apiguardian\apiguardian-api\1.1.1\apiguardian-api-1.1.1.jar;C:\Users\chowd\.m2\repository\io\cucumber\cucumber-java\6.10.4\cucumber-java-6.10.4.jar;C:\Users\chowd\.m2\repository\io\cucumber\cucumber-junit\6.10.4\cucumber-junit-6.10.4.jar;C:\Users\chowd\.m2\repository\io\cucumber\cucumber-testng\6.10.4\cucumber-testng-6.10.4.jar;C:\Users\chowd\.m2\repository\io\cucumber\cucumber-jvm-deps\1.0.6\cucumber-jvm-deps-1.0.6.jar;C:\Users\chowd\.m2\repository\net\masterthought\cucumber-reporting\5.5.3\cucumber-reporting-5.5.3.jar;C:\Users\chowd\.m2\repository\com\fasterxml\jackson\core\jackson-databind\2.12.1\jackson-databind-2.12.1.jar;C:\Users\chowd\.m2\repository\com\fasterxml\jackson\core\jackson-annotations\2.12.1\jackson-annotations-2.12.1.jar;C:\Users\chowd\.m2\repository\com\fasterxml\jackson\core\jackson-core\2.12.1\jackson-core-2.12.1.jar;C:\Users\chowd\.m2\repository\com\fasterxml\jackson\datatype\jackson-datatype-jsr310\2.12.1\jackson-datatype-jsr310-2.12.1.jar;C:\Users\chowd\.m2\repository\org\apache\velocity\velocity-engine-core\2.2\velocity-engine-core-2.2.jar;C:\Users\chowd\.m2\repository\commons-collections\commons-collections\3.2.2\commons-collections-3.2.2.jar;C:\Users\chowd\.m2\repository\joda-time\joda-time\2.10.9\joda-time-2.10.9.jar;C:\Users\chowd\.m2\repository\org\codehaus\plexus\plexus-utils\3.3.0\plexus-utils-3.3.0.jar;C:\Users\chowd\.m2\repository\org\jsoup\jsoup\1.13.1\jsoup-1.13.1.jar;C:\Users\chowd\.m2\repository\com\googlecode\owasp-java-html-sanitizer\owasp-java-html-sanitizer\20200713.1\owasp-java-html-sanitizer-20200713.1.jar;C:\Users\chowd\.m2\repository\commons-configuration\commons-configuration\1.10\commons-configuration-1.10.jar;C:\Users\chowd\.m2\repository\commons-lang\commons-lang\2.6\commons-lang-2.6.jar;C:\Users\chowd\.m2\repository\org\hamcrest\hamcrest-core\2.2\hamcrest-core-2.2.jar;C:\Users\chowd\.m2\repository\org\hamcrest\hamcrest\2.2\hamcrest-2.2.jar;C:\Users\chowd\.m2\repository\io\cucumber\gherkin\5.1.0\gherkin-5.1.0.jar;C:\Users\chowd\.m2\repository\io\cucumber\gherkin-jvm-deps\1.0.4\gherkin-jvm-deps-1.0.4.jar;C:\Users\chowd\.m2\repository\net\sourceforge\cobertura\cobertura\2.1.1\cobertura-2.1.1.jar;C:\Users\chowd\.m2\repository\org\ow2\asm\asm\5.0.1\asm-5.0.1.jar;C:\Users\chowd\.m2\repository\org\ow2\asm\asm-tree\5.0.1\asm-tree-5.0.1.jar;C:\Users\chowd\.m2\repository\org\ow2\asm\asm-commons\5.0.1\asm-commons-5.0.1.jar;C:\Users\chowd\.m2\repository\org\ow2\asm\asm-util\5.0.1\asm-util-5.0.1.jar;C:\Users\chowd\.m2\repository\org\ow2\asm\asm-analysis\5.0.1\asm-analysis-5.0.1.jar;C:\Users\chowd\.m2\repository\oro\oro\2.0.8\oro-2.0.8.jar;C:\Users\chowd\.m2\repository\jaxen\jaxen\1.1.4\jaxen-1.1.4.jar;C:\Users\chowd\.m2\repository\org\apache\ant\ant\1.8.3\ant-1.8.3.jar;C:\Users\chowd\.m2\repository\org\apache\ant\ant-launcher\1.8.3\ant-launcher-1.8.3.jar;C:\Users\chowd\.m2\repository\org\apache\ant\ant-junit\1.8.3\ant-junit-1.8.3.jar;C:\Users\chowd\.m2\repository\org\mortbay\jetty\servlet-api-2.5\6.1.14\servlet-api-2.5-6.1.14.jar;C:\Users\chowd\.m2\repository\org\mortbay\jetty\jetty\6.1.14\jetty-6.1.14.jar;C:\Users\chowd\.m2\repository\org\mortbay\jetty\jetty-util\6.1.14\jetty-util-6.1.14.jar;C:\Users\chowd\.m2\repository\ch\qos\logback\logback-classic\1.0.13\logback-classic-1.0.13.jar;C:\Users\chowd\.m2\repository\ch\qos\logback\logback-core\1.0.13\logback-core-1.0.13.jar;C:\Users\chowd\.m2\repository\junit\junit\4.11\junit-4.11.jar;C:\Users\chowd\.m2\repository\org\apache\poi\poi-ooxml\4.1.1\poi-ooxml-4.1.1.jar;C:\Users\chowd\.m2\repository\org\apache\commons\commons-compress\1.19\commons-compress-1.19.jar;C:\Users\chowd\.m2\repository\com\github\virtuald\curvesapi\1.06\curvesapi-1.06.jar;C:\Users\chowd\.m2\repository\org\apache\poi\poi\4.1.1\poi-4.1.1.jar;C:\Users\chowd\.m2\repository\commons-codec\commons-codec\1.13\commons-codec-1.13.jar;C:\Users\chowd\.m2\repository\org\apache\commons\commons-collections4\4.4\commons-collections4-4.4.jar;C:\Users\chowd\.m2\repository\org\apache\commons\commons-math3\3.6.1\commons-math3-3.6.1.jar;C:\Users\chowd\.m2\repository\org\apache\poi\poi-ooxml-schemas\4.1.1\poi-ooxml-schemas-4.1.1.jar;C:\Users\chowd\.m2\repository\org\apache\xmlbeans\xmlbeans\3.1.0\xmlbeans-3.1.0.jar;C:\Users\chowd\.m2\repository\commons-io\commons-io\2.6\commons-io-2.6.jar;C:\Users\chowd\.m2\repository\org\apache\httpcomponents\fluent-hc\4.5.13\fluent-hc-4.5.13.jar;C:\Users\chowd\.m2\repository\commons-logging\commons-logging\1.2\commons-logging-1.2.jar;C:\Users\chowd\.m2\repository\org\apache\poi\poi-scratchpad\4.1.1\poi-scratchpad-4.1.1.jar;C:\Users\chowd\.m2\repository\org\apache\poi\openxml4j\1.0-beta\openxml4j-1.0-beta.jar;C:\Users\chowd\.m2\repository\dom4j\dom4j\1.6.1\dom4j-1.6.1.jar;C:\Users\chowd\.m2\repository\xml-apis\xml-apis\1.0.b2\xml-apis-1.0.b2.jar;C:\Users\chowd\.m2\repository\log4j\log4j\1.2.8\log4j-1.2.8.jar;C:\Users\chowd\.m2\repository\com\googlecode\json-simple\json-simple\1.1.1\json-simple-1.1.1.jar;C:\Users\chowd\.m2\repository\tech\grasshopper\extentreports-cucumber6-adapter\2.6.0\extentreports-cucumber6-adapter-2.6.0.jar;C:\Users\chowd\.m2\repository\tech\grasshopper\extent-pdf-report\1.5.0\extent-pdf-report-1.5.0.jar;C:\Users\chowd\.m2\repository\tech\grasshopper\cucumber-pdf-report\1.7.0\cucumber-pdf-report-1.7.0.jar;C:\Users\chowd\.m2\repository\org\knowm\xchart\xchart\3.6.5\xchart-3.6.5.jar;C:\Users\chowd\.m2\repository\de\erichseifert\vectorgraphics2d\VectorGraphics2D\0.13\VectorGraphics2D-0.13.jar;C:\Users\chowd\.m2\repository\de\rototor\pdfbox\graphics2d\0.27\graphics2d-0.27.jar;C:\Users\chowd\.m2\repository\com\madgag\animated-gif-lib\1.4\animated-gif-lib-1.4.jar;C:\Users\chowd\.m2\repository\com\github\vandeseer\easytable\0.7.1\easytable-0.7.1.jar;C:\Users\chowd\.m2\repository\org\yaml\snakeyaml\1.27\snakeyaml-1.27.jar;C:\Users\chowd\.m2\repository\com\aventstack\klov-reporter\5.0.5\klov-reporter-5.0.5.jar;C:\Users\chowd\.m2\repository\org\mongodb\bson\3.6.4\bson-3.6.4.jar;C:\Users\chowd\.m2\repository\org\apache\httpcomponents\httpmime\4.5.2\httpmime-4.5.2.jar;C:\Users\chowd\.m2\repository\org\mongodb\mongodb-driver\3.3.0\mongodb-driver-3.3.0.jar;C:\Users\chowd\.m2\repository\org\mongodb\mongodb-driver-core\3.3.0\mongodb-driver-core-3.3.0.jar;C:\Users\chowd\.m2\repository\com\aventstack\extentreports\5.0.9\extentreports-5.0.9.jar;C:\Users\chowd\.m2\repository\io\reactivex\rxjava3\rxjava\3.0.4\rxjava-3.0.4.jar;C:\Users\chowd\.m2\repository\org\reactivestreams\reactive-streams\1.0.3\reactive-streams-1.0.3.jar;C:\Users\chowd\.m2\repository\org\freemarker\freemarker\2.3.30\freemarker-2.3.30.jar;C:\Users\chowd\.m2\repository\org\projectlombok\lombok\1.18.12\lombok-1.18.12.jar;"/>
    <property name="sun.cpu.endian" value="little"/>
    <property name="user.home" value="C:\Users\chowd"/>
    <property name="user.language" value="en"/>
    <property name="java.specification.vendor" value="Oracle Corporation"/>
    <property name="java.home" value="C:\Program Files\Java\jdk1.8.0_333\jre"/>
    <property name="basedir" value="C:\Users\chowd\eclipse-workspace\Tutorials_Ninja_Hybrid_Framework"/>
    <property name="file.separator" value="\"/>
    <property name="line.separator" value="&#10;"/>
    <property name="java.vm.specification.vendor" value="Oracle Corporation"/>
    <property name="java.specification.name" value="Java Platform API Specification"/>
    <property name="java.awt.graphicsenv" value="sun.awt.Win32GraphicsEnvironment"/>
    <property name="surefire.real.class.path" value="C:\Users\chowd\AppData\Local\Temp\surefire856916647667832333\surefirebooter-20230526163430510_3.jar"/>
    <property name="sun.boot.class.path" value="C:\Program Files\Java\jdk1.8.0_333\jre\lib\resources.jar;C:\Program Files\Java\jdk1.8.0_333\jre\lib\rt.jar;C:\Program Files\Java\jdk1.8.0_333\jre\lib\sunrsasign.jar;C:\Program Files\Java\jdk1.8.0_333\jre\lib\jsse.jar;C:\Program Files\Java\jdk1.8.0_333\jre\lib\jce.jar;C:\Program Files\Java\jdk1.8.0_333\jre\lib\charsets.jar;C:\Program Files\Java\jdk1.8.0_333\jre\lib\jfr.jar;C:\Program Files\Java\jdk1.8.0_333\jre\classes"/>
    <property name="user.script" value=""/>
    <property name="sun.management.compiler" value="HotSpot 64-Bit Tiered Compilers"/>
    <property name="java.runtime.version" value="1.8.0_333-b02"/>
    <property name="user.name" value="chowd"/>
    <property name="path.separator" value=";"/>
    <property name="os.version" value="10.0"/>
    <property name="java.endorsed.dirs" value="C:\Program Files\Java\jdk1.8.0_333\jre\lib\endorsed"/>
    <property name="java.runtime.name" value="Java(TM) SE Runtime Environment"/>
    <property name="file.encoding" value="Cp1252"/>
    <property name="java.vm.name" value="Java HotSpot(TM) 64-Bit Server VM"/>
    <property name="localRepository" value="C:\Users\chowd\.m2\repository"/>
    <property name="java.vendor.url.bug" value="http://bugreport.sun.com/bugreport/"/>
    <property name="java.io.tmpdir" value="C:\Users\chowd\AppData\Local\Temp\"/>
    <property name="java.version" value="1.8.0_333"/>
    <property name="user.dir" value="C:\Users\chowd\eclipse-workspace\Tutorials_Ninja_Hybrid_Framework"/>
    <property name="os.arch" value="amd64"/>
    <property name="java.vm.specification.name" value="Java Virtual Machine Specification"/>
    <property name="java.awt.printerjob" value="sun.awt.windows.WPrinterJob"/>
    <property name="sun.os.patch.level" value=""/>
    <property name="java.library.path" value="C:\Program Files\Java\jdk1.8.0_333\jre\bin;C:\WINDOWS\Sun\Java\bin;C:\WINDOWS\system32;C:\WINDOWS;C:\Program Files (x86)\Common Files\Oracle\Java\javapath;C:\Program Files (x86)\VMware\VMware Workstation\bin\;C:\WINDOWS\system32;C:\WINDOWS;C:\WINDOWS\System32\Wbem;C:\WINDOWS\System32\WindowsPowerShell\v1.0\;C:\WINDOWS\System32\OpenSSH\;C:\Program Files\Java\jdk1.8.0_333\bin;C:\Program Files\Git\cmd;C:\Program Files\Git\bin;c:\apache-maven-3.8.6\bin\;C:\apache-maven-3.8.6\\bin;C:\apache-maven-3.8.6\;C:\Users\chowd\AppData\Local\Microsoft\WindowsApps;;."/>
    <property name="java.vm.info" value="mixed mode"/>
    <property name="java.vendor" value="Oracle Corporation"/>
    <property name="java.vm.version" value="25.333-b02"/>
    <property name="java.ext.dirs" value="C:\Program Files\Java\jdk1.8.0_333\jre\lib\ext;C:\WINDOWS\Sun\Java\lib\ext"/>
    <property name="sun.io.unicode.encoding" value="UnicodeLittle"/>
    <property name="java.class.version" value="52.0"/>
  </properties>
  <testcase name="pageTitleandpageUrl" classname="com.qa.ninja.testcases.Ninja_LandinPageTest" time="0.022">
    <system-out><![CDATA[[TestNGContentHandler] [WARN] It is strongly recommended to add "<!DOCTYPE suite SYSTEM "http://testng.org/testng-1.0.dtd" >" at the top of your file, otherwise TestNG may fail or not work as expected.
[DEBUG] Using SLF4J as the default logging framework
[DEBUG] -Dio.netty.leakDetection.level: simple
[DEBUG] -Dio.netty.leakDetection.targetRecords: 4
[DEBUG] Loaded default ResourceLeakDetector: io.netty.util.ResourceLeakDetector@78383390
[DEBUG] -Dio.netty.noUnsafe: false
[DEBUG] Java version: 8
[DEBUG] sun.misc.Unsafe.theUnsafe: available
[DEBUG] sun.misc.Unsafe.copyMemory: available
[DEBUG] sun.misc.Unsafe.storeFence: available
[DEBUG] java.nio.Buffer.address: available
[DEBUG] direct buffer constructor: available
[DEBUG] java.nio.Bits.unaligned: available, true
[DEBUG] jdk.internal.misc.Unsafe.allocateUninitializedArray(int): unavailable prior to Java9
[DEBUG] java.nio.DirectByteBuffer.<init>(long, int): available
[DEBUG] sun.misc.Unsafe: available
[DEBUG] -Dio.netty.tmpdir: C:\Users\chowd\AppData\Local\Temp (java.io.tmpdir)
[DEBUG] -Dio.netty.bitMode: 64 (sun.arch.data.model)
[DEBUG] Platform: Windows
[DEBUG] -Dio.netty.maxDirectMemory: 2803892224 bytes
[DEBUG] -Dio.netty.uninitializedArrayAllocationThreshold: -1
[DEBUG] java.nio.ByteBuffer.cleaner(): available
[DEBUG] -Dio.netty.noPreferDirect: false
[DEBUG] org.jctools-core.MpscChunkedArrayQueue: available
[DEBUG] -Dio.netty.threadLocalMap.stringBuilder.initialSize: 1024
[DEBUG] -Dio.netty.threadLocalMap.stringBuilder.maxSize: 4096
[DEBUG] Default protocols (JDK): [TLSv1.2] 
[DEBUG] Default cipher suites (JDK): [TLS_ECDHE_ECDSA_WITH_AES_256_GCM_SHA384, TLS_ECDHE_ECDSA_WITH_AES_128_GCM_SHA256, TLS_ECDHE_RSA_WITH_AES_128_GCM_SHA256, TLS_ECDHE_RSA_WITH_AES_256_GCM_SHA384, TLS_ECDHE_RSA_WITH_AES_128_CBC_SHA, TLS_ECDHE_RSA_WITH_AES_256_CBC_SHA, TLS_RSA_WITH_AES_128_GCM_SHA256, TLS_RSA_WITH_AES_128_CBC_SHA, TLS_RSA_WITH_AES_256_CBC_SHA, TLS_AES_128_GCM_SHA256, TLS_AES_256_GCM_SHA384]
[DEBUG] -Dio.netty.globalEventExecutor.quietPeriodSeconds: 1
[DEBUG] -Dio.netty.eventLoopThreads: 16
[DEBUG] -Dio.netty.noKeySetOptimization: false
[DEBUG] -Dio.netty.selectorAutoRebuildThreshold: 512
[DEBUG] -Dio.netty.allocator.numHeapArenas: 16
[DEBUG] -Dio.netty.allocator.numDirectArenas: 16
[DEBUG] -Dio.netty.allocator.pageSize: 8192
[DEBUG] -Dio.netty.allocator.maxOrder: 9
[DEBUG] -Dio.netty.allocator.chunkSize: 4194304
[DEBUG] -Dio.netty.allocator.smallCacheSize: 256
[DEBUG] -Dio.netty.allocator.normalCacheSize: 64
[DEBUG] -Dio.netty.allocator.maxCachedBufferCapacity: 32768
[DEBUG] -Dio.netty.allocator.cacheTrimInterval: 8192
[DEBUG] -Dio.netty.allocator.cacheTrimIntervalMillis: 0
[DEBUG] -Dio.netty.allocator.useCacheForAllThreads: false
[DEBUG] -Dio.netty.allocator.maxCachedByteBuffersPerChunk: 1023
[DEBUG] -Dio.netty.allocator.type: pooled
[DEBUG] -Dio.netty.threadLocalDirectBufferSize: 0
[DEBUG] -Dio.netty.maxThreadLocalCharBufferSize: 16384
[DEBUG] -Dio.netty.processId: 22020 (auto-detected)
[DEBUG] -Djava.net.preferIPv4Stack: false
[DEBUG] -Djava.net.preferIPv6Addresses: false
[DEBUG] Loopback interface: lo (Software Loopback Interface 1, 127.0.0.1)
[DEBUG] Failed to get SOMAXCONN from sysctl and file \proc\sys\net\core\somaxconn. Default: 200
[DEBUG] -Dio.netty.machineId: 34:6f:24:ff:fe:1f:1c:1f (auto-detected)
[DEBUG] -Dio.netty.buffer.checkAccessible: true
[DEBUG] -Dio.netty.buffer.checkBounds: true
[DEBUG] Loaded default ResourceLeakDetector: io.netty.util.ResourceLeakDetector@5f59964a
[DEBUG] Using new Channel '[id: 0xf4896cd9, L:/127.0.0.1:58732 - R:localhost/127.0.0.1:6213]' for 'POST' to '/session'
[DEBUG] -Dio.netty.recycler.maxCapacityPerThread: 4096
[DEBUG] -Dio.netty.recycler.ratio: 8
[DEBUG] -Dio.netty.recycler.chunkSize: 32
[DEBUG] -Dio.netty.recycler.blocking: false
[DEBUG] -Dio.netty.recycler.batchFastThreadLocalOnly: true
[DEBUG] brotli4j not in the classpath; Brotli support will be unavailable.
[DEBUG] 

Request DefaultHttpRequest(decodeResult: success, version: HTTP/1.1)
POST /session HTTP/1.1
User-Agent: selenium/4.8.2 (java windows)
Content-Length: 489
Content-Type: application/json; charset=utf-8
host: localhost:6213
accept: */*

Response DefaultHttpResponse(decodeResult: success, version: HTTP/1.1)
HTTP/1.1 200 OK
Content-Length: 859
Content-Type: application/json; charset=utf-8
cache-control: no-cache

[DEBUG] Adding key: http://localhost:6213 for channel [id: 0xf4896cd9, L:/127.0.0.1:58732 - R:localhost/127.0.0.1:6213]
[DEBUG] Using new Channel '[id: 0x5a1f54f3, L:/127.0.0.1:58738 - R:localhost/127.0.0.1:58733]' for 'GET' to '/json/version'
[DEBUG] 

Request DefaultFullHttpRequest(decodeResult: success, version: HTTP/1.1, content: EmptyByteBufBE)
GET /json/version HTTP/1.1
User-Agent: selenium/4.8.2 (java windows)
host: localhost:58733
accept: */*

Response DefaultHttpResponse(decodeResult: success, version: HTTP/1.1)
HTTP/1.1 200 OK
Content-Security-Policy: frame-ancestors 'none'
Content-Length: 424
Content-Type: application/json; charset=UTF-8

[DEBUG] Adding key: http://localhost:58733 for channel [id: 0x5a1f54f3, L:/127.0.0.1:58738 - R:localhost/127.0.0.1:58733]
[DEBUG] -Dio.netty.initialSeedUniquifier: 0x0c71814712426854
[DEBUG] Using new Channel '[id: 0xadab765e, L:/127.0.0.1:58739 - R:localhost/127.0.0.1:58733]' for 'GET' to '/devtools/browser/b488867d-cff1-4449-a6f6-7cd4852ff9bf'
[DEBUG] 

Request DefaultFullHttpRequest(decodeResult: success, version: HTTP/1.1, content: EmptyByteBufBE)
GET /devtools/browser/b488867d-cff1-4449-a6f6-7cd4852ff9bf HTTP/1.1
upgrade: websocket
connection: upgrade
sec-websocket-key: YNQalkZ6T4OzTLMHcRoIUA==
sec-websocket-version: 13
origin: http://localhost:58733
host: localhost:58733
accept: */*
user-agent: AHC/2.1

Response DefaultHttpResponse(decodeResult: success, version: HTTP/1.1)
HTTP/1.1 101 WebSocket Protocol Handshake
Upgrade: WebSocket
Connection: Upgrade
Sec-WebSocket-Accept: 5Gl+DSyBYUv4yOXyKo38eyZDlhI=

[DEBUG] Using pooled Channel '[id: 0xf4896cd9, L:/127.0.0.1:58732 - R:localhost/127.0.0.1:6213]' for 'POST' to 'http://localhost:6213/session/9bd33102c2ee15f4dcd548a8a2ddd9eb/window/maximize'
[DEBUG] Using open Channel [id: 0xf4896cd9, L:/127.0.0.1:58732 - R:localhost/127.0.0.1:6213] for POST '/session/9bd33102c2ee15f4dcd548a8a2ddd9eb/window/maximize'
[DEBUG] 

Request DefaultHttpRequest(decodeResult: success, version: HTTP/1.1)
POST /session/9bd33102c2ee15f4dcd548a8a2ddd9eb/window/maximize HTTP/1.1
User-Agent: selenium/4.8.2 (java windows)
Content-Length: 3
Content-Type: application/json; charset=utf-8
host: localhost:6213
accept: */*

Response DefaultHttpResponse(decodeResult: success, version: HTTP/1.1)
HTTP/1.1 200 OK
Content-Length: 51
Content-Type: application/json; charset=utf-8
cache-control: no-cache

[DEBUG] Adding key: http://localhost:6213 for channel [id: 0xf4896cd9, L:/127.0.0.1:58732 - R:localhost/127.0.0.1:6213]
[DEBUG] Using pooled Channel '[id: 0xf4896cd9, L:/127.0.0.1:58732 - R:localhost/127.0.0.1:6213]' for 'POST' to 'http://localhost:6213/session/9bd33102c2ee15f4dcd548a8a2ddd9eb/url'
[DEBUG] Using open Channel [id: 0xf4896cd9, L:/127.0.0.1:58732 - R:localhost/127.0.0.1:6213] for POST '/session/9bd33102c2ee15f4dcd548a8a2ddd9eb/url'
[DEBUG] Entry count for : http://localhost:58733 : 1
[DEBUG] Entry count for : http://localhost:58733 : 1
[DEBUG] 

Request DefaultHttpRequest(decodeResult: success, version: HTTP/1.1)
POST /session/9bd33102c2ee15f4dcd548a8a2ddd9eb/url HTTP/1.1
User-Agent: selenium/4.8.2 (java windows)
Content-Length: 67
Content-Type: application/json; charset=utf-8
host: localhost:6213
accept: */*

Response DefaultHttpResponse(decodeResult: success, version: HTTP/1.1)
HTTP/1.1 200 OK
Content-Length: 14
Content-Type: application/json; charset=utf-8
cache-control: no-cache

[DEBUG] Adding key: http://localhost:6213 for channel [id: 0xf4896cd9, L:/127.0.0.1:58732 - R:localhost/127.0.0.1:6213]
[DEBUG] Using pooled Channel '[id: 0xf4896cd9, L:/127.0.0.1:58732 - R:localhost/127.0.0.1:6213]' for 'POST' to 'http://localhost:6213/session/9bd33102c2ee15f4dcd548a8a2ddd9eb/timeouts'
[DEBUG] Using open Channel [id: 0xf4896cd9, L:/127.0.0.1:58732 - R:localhost/127.0.0.1:6213] for POST '/session/9bd33102c2ee15f4dcd548a8a2ddd9eb/timeouts'
[DEBUG] 

Request DefaultHttpRequest(decodeResult: success, version: HTTP/1.1)
POST /session/9bd33102c2ee15f4dcd548a8a2ddd9eb/timeouts HTTP/1.1
User-Agent: selenium/4.8.2 (java windows)
Content-Length: 23
Content-Type: application/json; charset=utf-8
host: localhost:6213
accept: */*

Response DefaultHttpResponse(decodeResult: success, version: HTTP/1.1)
HTTP/1.1 200 OK
Content-Length: 14
Content-Type: application/json; charset=utf-8
cache-control: no-cache

[DEBUG] Adding key: http://localhost:6213 for channel [id: 0xf4896cd9, L:/127.0.0.1:58732 - R:localhost/127.0.0.1:6213]
[DEBUG] Using pooled Channel '[id: 0xf4896cd9, L:/127.0.0.1:58732 - R:localhost/127.0.0.1:6213]' for 'POST' to 'http://localhost:6213/session/9bd33102c2ee15f4dcd548a8a2ddd9eb/timeouts'
[DEBUG] Using open Channel [id: 0xf4896cd9, L:/127.0.0.1:58732 - R:localhost/127.0.0.1:6213] for POST '/session/9bd33102c2ee15f4dcd548a8a2ddd9eb/timeouts'
[DEBUG] 

Request DefaultHttpRequest(decodeResult: success, version: HTTP/1.1)
POST /session/9bd33102c2ee15f4dcd548a8a2ddd9eb/timeouts HTTP/1.1
User-Agent: selenium/4.8.2 (java windows)
Content-Length: 23
Content-Type: application/json; charset=utf-8
host: localhost:6213
accept: */*

Response DefaultHttpResponse(decodeResult: success, version: HTTP/1.1)
HTTP/1.1 200 OK
Content-Length: 14
Content-Type: application/json; charset=utf-8
cache-control: no-cache

[DEBUG] Adding key: http://localhost:6213 for channel [id: 0xf4896cd9, L:/127.0.0.1:58732 - R:localhost/127.0.0.1:6213]
[DEBUG] Using pooled Channel '[id: 0xf4896cd9, L:/127.0.0.1:58732 - R:localhost/127.0.0.1:6213]' for 'POST' to 'http://localhost:6213/session/9bd33102c2ee15f4dcd548a8a2ddd9eb/timeouts'
[DEBUG] Using open Channel [id: 0xf4896cd9, L:/127.0.0.1:58732 - R:localhost/127.0.0.1:6213] for POST '/session/9bd33102c2ee15f4dcd548a8a2ddd9eb/timeouts'
[DEBUG] 

Request DefaultHttpRequest(decodeResult: success, version: HTTP/1.1)
POST /session/9bd33102c2ee15f4dcd548a8a2ddd9eb/timeouts HTTP/1.1
User-Agent: selenium/4.8.2 (java windows)
Content-Length: 21
Content-Type: application/json; charset=utf-8
host: localhost:6213
accept: */*

Response DefaultHttpResponse(decodeResult: success, version: HTTP/1.1)
HTTP/1.1 200 OK
Content-Length: 14
Content-Type: application/json; charset=utf-8
cache-control: no-cache

[DEBUG] Adding key: http://localhost:6213 for channel [id: 0xf4896cd9, L:/127.0.0.1:58732 - R:localhost/127.0.0.1:6213]
[DEBUG] Using pooled Channel '[id: 0xf4896cd9, L:/127.0.0.1:58732 - R:localhost/127.0.0.1:6213]' for 'POST' to 'http://localhost:6213/session/9bd33102c2ee15f4dcd548a8a2ddd9eb/element'
[DEBUG] Using open Channel [id: 0xf4896cd9, L:/127.0.0.1:58732 - R:localhost/127.0.0.1:6213] for POST '/session/9bd33102c2ee15f4dcd548a8a2ddd9eb/element'
[DEBUG] 

Request DefaultHttpRequest(decodeResult: success, version: HTTP/1.1)
POST /session/9bd33102c2ee15f4dcd548a8a2ddd9eb/element HTTP/1.1
User-Agent: selenium/4.8.2 (java windows)
Content-Length: 74
Content-Type: application/json; charset=utf-8
host: localhost:6213
accept: */*

Response DefaultHttpResponse(decodeResult: success, version: HTTP/1.1)
HTTP/1.1 200 OK
Content-Length: 95
Content-Type: application/json; charset=utf-8
cache-control: no-cache

[DEBUG] Adding key: http://localhost:6213 for channel [id: 0xf4896cd9, L:/127.0.0.1:58732 - R:localhost/127.0.0.1:6213]
[DEBUG] Using pooled Channel '[id: 0xf4896cd9, L:/127.0.0.1:58732 - R:localhost/127.0.0.1:6213]' for 'POST' to 'http://localhost:6213/session/9bd33102c2ee15f4dcd548a8a2ddd9eb/element/9EBBC5F3BD6609F140917B4C849FA331_element_61/click'
[DEBUG] Using open Channel [id: 0xf4896cd9, L:/127.0.0.1:58732 - R:localhost/127.0.0.1:6213] for POST '/session/9bd33102c2ee15f4dcd548a8a2ddd9eb/element/9EBBC5F3BD6609F140917B4C849FA331_element_61/click'
[DEBUG] 

Request DefaultHttpRequest(decodeResult: success, version: HTTP/1.1)
POST /session/9bd33102c2ee15f4dcd548a8a2ddd9eb/element/9EBBC5F3BD6609F140917B4C849FA331_element_61/click HTTP/1.1
User-Agent: selenium/4.8.2 (java windows)
Content-Length: 57
Content-Type: application/json; charset=utf-8
host: localhost:6213
accept: */*

Response DefaultHttpResponse(decodeResult: success, version: HTTP/1.1)
HTTP/1.1 200 OK
Content-Length: 14
Content-Type: application/json; charset=utf-8
cache-control: no-cache

[DEBUG] Adding key: http://localhost:6213 for channel [id: 0xf4896cd9, L:/127.0.0.1:58732 - R:localhost/127.0.0.1:6213]
[DEBUG] Using pooled Channel '[id: 0xf4896cd9, L:/127.0.0.1:58732 - R:localhost/127.0.0.1:6213]' for 'POST' to 'http://localhost:6213/session/9bd33102c2ee15f4dcd548a8a2ddd9eb/element'
[DEBUG] Using open Channel [id: 0xf4896cd9, L:/127.0.0.1:58732 - R:localhost/127.0.0.1:6213] for POST '/session/9bd33102c2ee15f4dcd548a8a2ddd9eb/element'
[DEBUG] 

Request DefaultHttpRequest(decodeResult: success, version: HTTP/1.1)
POST /session/9bd33102c2ee15f4dcd548a8a2ddd9eb/element HTTP/1.1
User-Agent: selenium/4.8.2 (java windows)
Content-Length: 49
Content-Type: application/json; charset=utf-8
host: localhost:6213
accept: */*

Response DefaultHttpResponse(decodeResult: success, version: HTTP/1.1)
HTTP/1.1 200 OK
Content-Length: 95
Content-Type: application/json; charset=utf-8
cache-control: no-cache

[DEBUG] Adding key: http://localhost:6213 for channel [id: 0xf4896cd9, L:/127.0.0.1:58732 - R:localhost/127.0.0.1:6213]
[DEBUG] Using pooled Channel '[id: 0xf4896cd9, L:/127.0.0.1:58732 - R:localhost/127.0.0.1:6213]' for 'POST' to 'http://localhost:6213/session/9bd33102c2ee15f4dcd548a8a2ddd9eb/element/9EBBC5F3BD6609F140917B4C849FA331_element_62/click'
[DEBUG] Using open Channel [id: 0xf4896cd9, L:/127.0.0.1:58732 - R:localhost/127.0.0.1:6213] for POST '/session/9bd33102c2ee15f4dcd548a8a2ddd9eb/element/9EBBC5F3BD6609F140917B4C849FA331_element_62/click'
[DEBUG] Entry count for : http://localhost:58733 : 1
[DEBUG] 

Request DefaultHttpRequest(decodeResult: success, version: HTTP/1.1)
POST /session/9bd33102c2ee15f4dcd548a8a2ddd9eb/element/9EBBC5F3BD6609F140917B4C849FA331_element_62/click HTTP/1.1
User-Agent: selenium/4.8.2 (java windows)
Content-Length: 57
Content-Type: application/json; charset=utf-8
host: localhost:6213
accept: */*

Response DefaultHttpResponse(decodeResult: success, version: HTTP/1.1)
HTTP/1.1 200 OK
Content-Length: 14
Content-Type: application/json; charset=utf-8
cache-control: no-cache

[DEBUG] Adding key: http://localhost:6213 for channel [id: 0xf4896cd9, L:/127.0.0.1:58732 - R:localhost/127.0.0.1:6213]
[DEBUG] Using new Channel '[id: 0x25bdb207, L:/127.0.0.1:58760 - R:localhost/127.0.0.1:32123]' for 'POST' to '/session'
[DEBUG] Entry count for : http://localhost:58733 : 1
[DEBUG] Entry count for : http://localhost:6213 : 1
[DEBUG] 

Request DefaultHttpRequest(decodeResult: success, version: HTTP/1.1)
POST /session HTTP/1.1
User-Agent: selenium/4.8.2 (java windows)
Content-Length: 489
Content-Type: application/json; charset=utf-8
host: localhost:32123
accept: */*

Response DefaultHttpResponse(decodeResult: success, version: HTTP/1.1)
HTTP/1.1 200 OK
Content-Length: 860
Content-Type: application/json; charset=utf-8
cache-control: no-cache

[DEBUG] Adding key: http://localhost:32123 for channel [id: 0x25bdb207, L:/127.0.0.1:58760 - R:localhost/127.0.0.1:32123]
[DEBUG] Using new Channel '[id: 0xa179fc53, L:/127.0.0.1:58766 - R:localhost/127.0.0.1:58761]' for 'GET' to '/json/version'
[DEBUG] 

Request DefaultFullHttpRequest(decodeResult: success, version: HTTP/1.1, content: EmptyByteBufBE)
GET /json/version HTTP/1.1
User-Agent: selenium/4.8.2 (java windows)
host: localhost:58761
accept: */*

Response DefaultHttpResponse(decodeResult: success, version: HTTP/1.1)
HTTP/1.1 200 OK
Content-Security-Policy: frame-ancestors 'none'
Content-Length: 424
Content-Type: application/json; charset=UTF-8

[DEBUG] Adding key: http://localhost:58761 for channel [id: 0xa179fc53, L:/127.0.0.1:58766 - R:localhost/127.0.0.1:58761]
[DEBUG] Using new Channel '[id: 0x0b1abf2f, L:/127.0.0.1:58767 - R:localhost/127.0.0.1:58761]' for 'GET' to '/devtools/browser/25e81114-4f81-4e48-a408-5dd046703d9e'
[DEBUG] 

Request DefaultFullHttpRequest(decodeResult: success, version: HTTP/1.1, content: EmptyByteBufBE)
GET /devtools/browser/25e81114-4f81-4e48-a408-5dd046703d9e HTTP/1.1
upgrade: websocket
connection: upgrade
sec-websocket-key: kHpoAvhvRaRlraClsnCfUQ==
sec-websocket-version: 13
origin: http://localhost:58761
host: localhost:58761
accept: */*
user-agent: AHC/2.1

Response DefaultHttpResponse(decodeResult: success, version: HTTP/1.1)
HTTP/1.1 101 WebSocket Protocol Handshake
Upgrade: WebSocket
Connection: Upgrade
Sec-WebSocket-Accept: wwhjOJdkV3fs1V/VueYVEXFjyVk=

[DEBUG] Using pooled Channel '[id: 0x25bdb207, L:/127.0.0.1:58760 - R:localhost/127.0.0.1:32123]' for 'POST' to 'http://localhost:32123/session/20b622da6438e44803f5917c5cb4c28d/window/maximize'
[DEBUG] Using open Channel [id: 0x25bdb207, L:/127.0.0.1:58760 - R:localhost/127.0.0.1:32123] for POST '/session/20b622da6438e44803f5917c5cb4c28d/window/maximize'
[DEBUG] 

Request DefaultHttpRequest(decodeResult: success, version: HTTP/1.1)
POST /session/20b622da6438e44803f5917c5cb4c28d/window/maximize HTTP/1.1
User-Agent: selenium/4.8.2 (java windows)
Content-Length: 3
Content-Type: application/json; charset=utf-8
host: localhost:32123
accept: */*

Response DefaultHttpResponse(decodeResult: success, version: HTTP/1.1)
HTTP/1.1 200 OK
Content-Length: 51
Content-Type: application/json; charset=utf-8
cache-control: no-cache

[DEBUG] Adding key: http://localhost:32123 for channel [id: 0x25bdb207, L:/127.0.0.1:58760 - R:localhost/127.0.0.1:32123]
[DEBUG] Using pooled Channel '[id: 0x25bdb207, L:/127.0.0.1:58760 - R:localhost/127.0.0.1:32123]' for 'POST' to 'http://localhost:32123/session/20b622da6438e44803f5917c5cb4c28d/url'
[DEBUG] Using open Channel [id: 0x25bdb207, L:/127.0.0.1:58760 - R:localhost/127.0.0.1:32123] for POST '/session/20b622da6438e44803f5917c5cb4c28d/url'
[DEBUG] Entry count for : http://localhost:58761 : 1
[DEBUG] Entry count for : http://localhost:58733 : 1
[DEBUG] Entry count for : http://localhost:6213 : 1
[DEBUG] Entry count for : http://localhost:58761 : 1
[DEBUG] Entry count for : http://localhost:58733 : 1
[DEBUG] Entry count for : http://localhost:6213 : 1
[DEBUG] 

Request DefaultHttpRequest(decodeResult: success, version: HTTP/1.1)
POST /session/20b622da6438e44803f5917c5cb4c28d/url HTTP/1.1
User-Agent: selenium/4.8.2 (java windows)
Content-Length: 67
Content-Type: application/json; charset=utf-8
host: localhost:32123
accept: */*

Response DefaultHttpResponse(decodeResult: success, version: HTTP/1.1)
HTTP/1.1 200 OK
Content-Length: 14
Content-Type: application/json; charset=utf-8
cache-control: no-cache

[DEBUG] Adding key: http://localhost:32123 for channel [id: 0x25bdb207, L:/127.0.0.1:58760 - R:localhost/127.0.0.1:32123]
[DEBUG] Using pooled Channel '[id: 0x25bdb207, L:/127.0.0.1:58760 - R:localhost/127.0.0.1:32123]' for 'POST' to 'http://localhost:32123/session/20b622da6438e44803f5917c5cb4c28d/timeouts'
[DEBUG] Using open Channel [id: 0x25bdb207, L:/127.0.0.1:58760 - R:localhost/127.0.0.1:32123] for POST '/session/20b622da6438e44803f5917c5cb4c28d/timeouts'
[DEBUG] 

Request DefaultHttpRequest(decodeResult: success, version: HTTP/1.1)
POST /session/20b622da6438e44803f5917c5cb4c28d/timeouts HTTP/1.1
User-Agent: selenium/4.8.2 (java windows)
Content-Length: 23
Content-Type: application/json; charset=utf-8
host: localhost:32123
accept: */*

Response DefaultHttpResponse(decodeResult: success, version: HTTP/1.1)
HTTP/1.1 200 OK
Content-Length: 14
Content-Type: application/json; charset=utf-8
cache-control: no-cache

[DEBUG] Adding key: http://localhost:32123 for channel [id: 0x25bdb207, L:/127.0.0.1:58760 - R:localhost/127.0.0.1:32123]
[DEBUG] Using pooled Channel '[id: 0x25bdb207, L:/127.0.0.1:58760 - R:localhost/127.0.0.1:32123]' for 'POST' to 'http://localhost:32123/session/20b622da6438e44803f5917c5cb4c28d/timeouts'
[DEBUG] Using open Channel [id: 0x25bdb207, L:/127.0.0.1:58760 - R:localhost/127.0.0.1:32123] for POST '/session/20b622da6438e44803f5917c5cb4c28d/timeouts'
[DEBUG] 

Request DefaultHttpRequest(decodeResult: success, version: HTTP/1.1)
POST /session/20b622da6438e44803f5917c5cb4c28d/timeouts HTTP/1.1
User-Agent: selenium/4.8.2 (java windows)
Content-Length: 23
Content-Type: application/json; charset=utf-8
host: localhost:32123
accept: */*

Response DefaultHttpResponse(decodeResult: success, version: HTTP/1.1)
HTTP/1.1 200 OK
Content-Length: 14
Content-Type: application/json; charset=utf-8
cache-control: no-cache

[DEBUG] Adding key: http://localhost:32123 for channel [id: 0x25bdb207, L:/127.0.0.1:58760 - R:localhost/127.0.0.1:32123]
[DEBUG] Using pooled Channel '[id: 0x25bdb207, L:/127.0.0.1:58760 - R:localhost/127.0.0.1:32123]' for 'POST' to 'http://localhost:32123/session/20b622da6438e44803f5917c5cb4c28d/timeouts'
[DEBUG] Using open Channel [id: 0x25bdb207, L:/127.0.0.1:58760 - R:localhost/127.0.0.1:32123] for POST '/session/20b622da6438e44803f5917c5cb4c28d/timeouts'
[DEBUG] 

Request DefaultHttpRequest(decodeResult: success, version: HTTP/1.1)
POST /session/20b622da6438e44803f5917c5cb4c28d/timeouts HTTP/1.1
User-Agent: selenium/4.8.2 (java windows)
Content-Length: 21
Content-Type: application/json; charset=utf-8
host: localhost:32123
accept: */*

Response DefaultHttpResponse(decodeResult: success, version: HTTP/1.1)
HTTP/1.1 200 OK
Content-Length: 14
Content-Type: application/json; charset=utf-8
cache-control: no-cache

[DEBUG] Adding key: http://localhost:32123 for channel [id: 0x25bdb207, L:/127.0.0.1:58760 - R:localhost/127.0.0.1:32123]
[DEBUG] Entry count for : http://localhost:58761 : 1
[DEBUG] Entry count for : http://localhost:58733 : 1
[DEBUG] Entry count for : http://localhost:6213 : 1
[DEBUG] Entry count for : http://localhost:32123 : 1
[DEBUG] Using new Channel '[id: 0xfe7e6d61, L:/127.0.0.1:58794 - R:localhost/127.0.0.1:18133]' for 'POST' to '/session'
[DEBUG] 

Request DefaultHttpRequest(decodeResult: success, version: HTTP/1.1)
POST /session HTTP/1.1
User-Agent: selenium/4.8.2 (java windows)
Content-Length: 489
Content-Type: application/json; charset=utf-8
host: localhost:18133
accept: */*

Response DefaultHttpResponse(decodeResult: success, version: HTTP/1.1)
HTTP/1.1 200 OK
Content-Length: 859
Content-Type: application/json; charset=utf-8
cache-control: no-cache

[DEBUG] Adding key: http://localhost:18133 for channel [id: 0xfe7e6d61, L:/127.0.0.1:58794 - R:localhost/127.0.0.1:18133]
[DEBUG] Using new Channel '[id: 0x7a7bdece, L:/127.0.0.1:58800 - R:localhost/127.0.0.1:58795]' for 'GET' to '/json/version'
[DEBUG] 

Request DefaultFullHttpRequest(decodeResult: success, version: HTTP/1.1, content: EmptyByteBufBE)
GET /json/version HTTP/1.1
User-Agent: selenium/4.8.2 (java windows)
host: localhost:58795
accept: */*

Response DefaultHttpResponse(decodeResult: success, version: HTTP/1.1)
HTTP/1.1 200 OK
Content-Security-Policy: frame-ancestors 'none'
Content-Length: 424
Content-Type: application/json; charset=UTF-8

[DEBUG] Adding key: http://localhost:58795 for channel [id: 0x7a7bdece, L:/127.0.0.1:58800 - R:localhost/127.0.0.1:58795]
[DEBUG] Using new Channel '[id: 0x15b03b03, L:/127.0.0.1:58801 - R:localhost/127.0.0.1:58795]' for 'GET' to '/devtools/browser/c82fa2ec-b65b-49b5-a445-757909a6a881'
[DEBUG] 

Request DefaultFullHttpRequest(decodeResult: success, version: HTTP/1.1, content: EmptyByteBufBE)
GET /devtools/browser/c82fa2ec-b65b-49b5-a445-757909a6a881 HTTP/1.1
upgrade: websocket
connection: upgrade
sec-websocket-key: YaORufEbJK4ruWeWJY+sJw==
sec-websocket-version: 13
origin: http://localhost:58795
host: localhost:58795
accept: */*
user-agent: AHC/2.1

Response DefaultHttpResponse(decodeResult: success, version: HTTP/1.1)
HTTP/1.1 101 WebSocket Protocol Handshake
Upgrade: WebSocket
Connection: Upgrade
Sec-WebSocket-Accept: Nqj/R7j87sUD2aeTJm//HVZrEA4=

[DEBUG] Using pooled Channel '[id: 0xfe7e6d61, L:/127.0.0.1:58794 - R:localhost/127.0.0.1:18133]' for 'POST' to 'http://localhost:18133/session/24115f03451b24154823f0f838b016db/window/maximize'
[DEBUG] Using open Channel [id: 0xfe7e6d61, L:/127.0.0.1:58794 - R:localhost/127.0.0.1:18133] for POST '/session/24115f03451b24154823f0f838b016db/window/maximize'
[DEBUG] 

Request DefaultHttpRequest(decodeResult: success, version: HTTP/1.1)
POST /session/24115f03451b24154823f0f838b016db/window/maximize HTTP/1.1
User-Agent: selenium/4.8.2 (java windows)
Content-Length: 3
Content-Type: application/json; charset=utf-8
host: localhost:18133
accept: */*

Response DefaultHttpResponse(decodeResult: success, version: HTTP/1.1)
HTTP/1.1 200 OK
Content-Length: 51
Content-Type: application/json; charset=utf-8
cache-control: no-cache

[DEBUG] Adding key: http://localhost:18133 for channel [id: 0xfe7e6d61, L:/127.0.0.1:58794 - R:localhost/127.0.0.1:18133]
[DEBUG] Using pooled Channel '[id: 0xfe7e6d61, L:/127.0.0.1:58794 - R:localhost/127.0.0.1:18133]' for 'POST' to 'http://localhost:18133/session/24115f03451b24154823f0f838b016db/url'
[DEBUG] Using open Channel [id: 0xfe7e6d61, L:/127.0.0.1:58794 - R:localhost/127.0.0.1:18133] for POST '/session/24115f03451b24154823f0f838b016db/url'
[DEBUG] Entry count for : http://localhost:58795 : 1
[DEBUG] Entry count for : http://localhost:58761 : 1
[DEBUG] Entry count for : http://localhost:58733 : 1
[DEBUG] Entry count for : http://localhost:6213 : 1
[DEBUG] Entry count for : http://localhost:32123 : 1
[DEBUG] Entry count for : http://localhost:58795 : 1
[DEBUG] Entry count for : http://localhost:58761 : 1
[DEBUG] Entry count for : http://localhost:58733 : 1
[DEBUG] Entry count for : http://localhost:6213 : 1
[DEBUG] Entry count for : http://localhost:32123 : 1
[DEBUG] Entry count for : http://localhost:58795 : 1
[DEBUG] Entry count for : http://localhost:58761 : 1
[DEBUG] Entry count for : http://localhost:58733 : 1
[DEBUG] Entry count for : http://localhost:6213 : 1
[DEBUG] Entry count for : http://localhost:32123 : 1
[DEBUG] 

Request DefaultHttpRequest(decodeResult: success, version: HTTP/1.1)
POST /session/24115f03451b24154823f0f838b016db/url HTTP/1.1
User-Agent: selenium/4.8.2 (java windows)
Content-Length: 67
Content-Type: application/json; charset=utf-8
host: localhost:18133
accept: */*

Response DefaultHttpResponse(decodeResult: success, version: HTTP/1.1)
HTTP/1.1 200 OK
Content-Length: 14
Content-Type: application/json; charset=utf-8
cache-control: no-cache

[DEBUG] Adding key: http://localhost:18133 for channel [id: 0xfe7e6d61, L:/127.0.0.1:58794 - R:localhost/127.0.0.1:18133]
[DEBUG] Using pooled Channel '[id: 0xfe7e6d61, L:/127.0.0.1:58794 - R:localhost/127.0.0.1:18133]' for 'POST' to 'http://localhost:18133/session/24115f03451b24154823f0f838b016db/timeouts'
[DEBUG] Using open Channel [id: 0xfe7e6d61, L:/127.0.0.1:58794 - R:localhost/127.0.0.1:18133] for POST '/session/24115f03451b24154823f0f838b016db/timeouts'
[DEBUG] 

Request DefaultHttpRequest(decodeResult: success, version: HTTP/1.1)
POST /session/24115f03451b24154823f0f838b016db/timeouts HTTP/1.1
User-Agent: selenium/4.8.2 (java windows)
Content-Length: 23
Content-Type: application/json; charset=utf-8
host: localhost:18133
accept: */*

Response DefaultHttpResponse(decodeResult: success, version: HTTP/1.1)
HTTP/1.1 200 OK
Content-Length: 14
Content-Type: application/json; charset=utf-8
cache-control: no-cache

[DEBUG] Adding key: http://localhost:18133 for channel [id: 0xfe7e6d61, L:/127.0.0.1:58794 - R:localhost/127.0.0.1:18133]
[DEBUG] Using pooled Channel '[id: 0xfe7e6d61, L:/127.0.0.1:58794 - R:localhost/127.0.0.1:18133]' for 'POST' to 'http://localhost:18133/session/24115f03451b24154823f0f838b016db/timeouts'
[DEBUG] Using open Channel [id: 0xfe7e6d61, L:/127.0.0.1:58794 - R:localhost/127.0.0.1:18133] for POST '/session/24115f03451b24154823f0f838b016db/timeouts'
[DEBUG] 

Request DefaultHttpRequest(decodeResult: success, version: HTTP/1.1)
POST /session/24115f03451b24154823f0f838b016db/timeouts HTTP/1.1
User-Agent: selenium/4.8.2 (java windows)
Content-Length: 23
Content-Type: application/json; charset=utf-8
host: localhost:18133
accept: */*

Response DefaultHttpResponse(decodeResult: success, version: HTTP/1.1)
HTTP/1.1 200 OK
Content-Length: 14
Content-Type: application/json; charset=utf-8
cache-control: no-cache

[DEBUG] Adding key: http://localhost:18133 for channel [id: 0xfe7e6d61, L:/127.0.0.1:58794 - R:localhost/127.0.0.1:18133]
[DEBUG] Using pooled Channel '[id: 0xfe7e6d61, L:/127.0.0.1:58794 - R:localhost/127.0.0.1:18133]' for 'POST' to 'http://localhost:18133/session/24115f03451b24154823f0f838b016db/timeouts'
[DEBUG] Using open Channel [id: 0xfe7e6d61, L:/127.0.0.1:58794 - R:localhost/127.0.0.1:18133] for POST '/session/24115f03451b24154823f0f838b016db/timeouts'
[DEBUG] 

Request DefaultHttpRequest(decodeResult: success, version: HTTP/1.1)
POST /session/24115f03451b24154823f0f838b016db/timeouts HTTP/1.1
User-Agent: selenium/4.8.2 (java windows)
Content-Length: 21
Content-Type: application/json; charset=utf-8
host: localhost:18133
accept: */*

Response DefaultHttpResponse(decodeResult: success, version: HTTP/1.1)
HTTP/1.1 200 OK
Content-Length: 14
Content-Type: application/json; charset=utf-8
cache-control: no-cache

[DEBUG] Adding key: http://localhost:18133 for channel [id: 0xfe7e6d61, L:/127.0.0.1:58794 - R:localhost/127.0.0.1:18133]
[DEBUG] Using pooled Channel '[id: 0xfe7e6d61, L:/127.0.0.1:58794 - R:localhost/127.0.0.1:18133]' for 'POST' to 'http://localhost:18133/session/24115f03451b24154823f0f838b016db/element'
[DEBUG] Using open Channel [id: 0xfe7e6d61, L:/127.0.0.1:58794 - R:localhost/127.0.0.1:18133] for POST '/session/24115f03451b24154823f0f838b016db/element'
[DEBUG] 

Request DefaultHttpRequest(decodeResult: success, version: HTTP/1.1)
POST /session/24115f03451b24154823f0f838b016db/element HTTP/1.1
User-Agent: selenium/4.8.2 (java windows)
Content-Length: 74
Content-Type: application/json; charset=utf-8
host: localhost:18133
accept: */*

Response DefaultHttpResponse(decodeResult: success, version: HTTP/1.1)
HTTP/1.1 200 OK
Content-Length: 95
Content-Type: application/json; charset=utf-8
cache-control: no-cache

[DEBUG] Adding key: http://localhost:18133 for channel [id: 0xfe7e6d61, L:/127.0.0.1:58794 - R:localhost/127.0.0.1:18133]
[DEBUG] Using pooled Channel '[id: 0xfe7e6d61, L:/127.0.0.1:58794 - R:localhost/127.0.0.1:18133]' for 'POST' to 'http://localhost:18133/session/24115f03451b24154823f0f838b016db/element/618626B54E426FFBB355AD9110E0201F_element_61/click'
[DEBUG] Using open Channel [id: 0xfe7e6d61, L:/127.0.0.1:58794 - R:localhost/127.0.0.1:18133] for POST '/session/24115f03451b24154823f0f838b016db/element/618626B54E426FFBB355AD9110E0201F_element_61/click'
[DEBUG] 

Request DefaultHttpRequest(decodeResult: success, version: HTTP/1.1)
POST /session/24115f03451b24154823f0f838b016db/element/618626B54E426FFBB355AD9110E0201F_element_61/click HTTP/1.1
User-Agent: selenium/4.8.2 (java windows)
Content-Length: 57
Content-Type: application/json; charset=utf-8
host: localhost:18133
accept: */*

Response DefaultHttpResponse(decodeResult: success, version: HTTP/1.1)
HTTP/1.1 200 OK
Content-Length: 14
Content-Type: application/json; charset=utf-8
cache-control: no-cache

[DEBUG] Adding key: http://localhost:18133 for channel [id: 0xfe7e6d61, L:/127.0.0.1:58794 - R:localhost/127.0.0.1:18133]
[DEBUG] Using pooled Channel '[id: 0xfe7e6d61, L:/127.0.0.1:58794 - R:localhost/127.0.0.1:18133]' for 'POST' to 'http://localhost:18133/session/24115f03451b24154823f0f838b016db/element'
[DEBUG] Using open Channel [id: 0xfe7e6d61, L:/127.0.0.1:58794 - R:localhost/127.0.0.1:18133] for POST '/session/24115f03451b24154823f0f838b016db/element'
[DEBUG] 

Request DefaultHttpRequest(decodeResult: success, version: HTTP/1.1)
POST /session/24115f03451b24154823f0f838b016db/element HTTP/1.1
User-Agent: selenium/4.8.2 (java windows)
Content-Length: 46
Content-Type: application/json; charset=utf-8
host: localhost:18133
accept: */*

Response DefaultHttpResponse(decodeResult: success, version: HTTP/1.1)
HTTP/1.1 200 OK
Content-Length: 95
Content-Type: application/json; charset=utf-8
cache-control: no-cache

[DEBUG] Adding key: http://localhost:18133 for channel [id: 0xfe7e6d61, L:/127.0.0.1:58794 - R:localhost/127.0.0.1:18133]
[DEBUG] Using pooled Channel '[id: 0xfe7e6d61, L:/127.0.0.1:58794 - R:localhost/127.0.0.1:18133]' for 'POST' to 'http://localhost:18133/session/24115f03451b24154823f0f838b016db/element/618626B54E426FFBB355AD9110E0201F_element_62/click'
[DEBUG] Using open Channel [id: 0xfe7e6d61, L:/127.0.0.1:58794 - R:localhost/127.0.0.1:18133] for POST '/session/24115f03451b24154823f0f838b016db/element/618626B54E426FFBB355AD9110E0201F_element_62/click'
[DEBUG] 

Request DefaultHttpRequest(decodeResult: success, version: HTTP/1.1)
POST /session/24115f03451b24154823f0f838b016db/element/618626B54E426FFBB355AD9110E0201F_element_62/click HTTP/1.1
User-Agent: selenium/4.8.2 (java windows)
Content-Length: 57
Content-Type: application/json; charset=utf-8
host: localhost:18133
accept: */*

Response DefaultHttpResponse(decodeResult: success, version: HTTP/1.1)
HTTP/1.1 200 OK
Content-Length: 14
Content-Type: application/json; charset=utf-8
cache-control: no-cache

[DEBUG] Adding key: http://localhost:18133 for channel [id: 0xfe7e6d61, L:/127.0.0.1:58794 - R:localhost/127.0.0.1:18133]
[DEBUG] Using new Channel '[id: 0x588af421, L:/127.0.0.1:58829 - R:localhost/127.0.0.1:17743]' for 'POST' to '/session'
[DEBUG] Entry count for : http://localhost:58795 : 1
[DEBUG] Entry count for : http://localhost:58761 : 1
[DEBUG] Entry count for : http://localhost:58733 : 1
[DEBUG] Entry count for : http://localhost:18133 : 1
[DEBUG] Entry count for : http://localhost:6213 : 1
[DEBUG] Entry count for : http://localhost:32123 : 1
[DEBUG] 

Request DefaultHttpRequest(decodeResult: success, version: HTTP/1.1)
POST /session HTTP/1.1
User-Agent: selenium/4.8.2 (java windows)
Content-Length: 489
Content-Type: application/json; charset=utf-8
host: localhost:17743
accept: */*

Response DefaultHttpResponse(decodeResult: success, version: HTTP/1.1)
HTTP/1.1 200 OK
Content-Length: 859
Content-Type: application/json; charset=utf-8
cache-control: no-cache

[DEBUG] Adding key: http://localhost:17743 for channel [id: 0x588af421, L:/127.0.0.1:58829 - R:localhost/127.0.0.1:17743]
[DEBUG] Using new Channel '[id: 0xcbe45407, L:/127.0.0.1:58835 - R:localhost/127.0.0.1:58830]' for 'GET' to '/json/version'
[DEBUG] 

Request DefaultFullHttpRequest(decodeResult: success, version: HTTP/1.1, content: EmptyByteBufBE)
GET /json/version HTTP/1.1
User-Agent: selenium/4.8.2 (java windows)
host: localhost:58830
accept: */*

Response DefaultHttpResponse(decodeResult: success, version: HTTP/1.1)
HTTP/1.1 200 OK
Content-Security-Policy: frame-ancestors 'none'
Content-Length: 424
Content-Type: application/json; charset=UTF-8

[DEBUG] Adding key: http://localhost:58830 for channel [id: 0xcbe45407, L:/127.0.0.1:58835 - R:localhost/127.0.0.1:58830]
[DEBUG] Using new Channel '[id: 0xeb9435ac, L:/127.0.0.1:58836 - R:localhost/127.0.0.1:58830]' for 'GET' to '/devtools/browser/3df55037-e117-43cb-9cac-e62c654cd9d0'
[DEBUG] 

Request DefaultFullHttpRequest(decodeResult: success, version: HTTP/1.1, content: EmptyByteBufBE)
GET /devtools/browser/3df55037-e117-43cb-9cac-e62c654cd9d0 HTTP/1.1
upgrade: websocket
connection: upgrade
sec-websocket-key: RtIjr15MPOnwaN68U3Znpw==
sec-websocket-version: 13
origin: http://localhost:58830
host: localhost:58830
accept: */*
user-agent: AHC/2.1

Response DefaultHttpResponse(decodeResult: success, version: HTTP/1.1)
HTTP/1.1 101 WebSocket Protocol Handshake
Upgrade: WebSocket
Connection: Upgrade
Sec-WebSocket-Accept: xDID/2by3oxHkYgVzCrk8rMgFqI=

[DEBUG] Using pooled Channel '[id: 0x588af421, L:/127.0.0.1:58829 - R:localhost/127.0.0.1:17743]' for 'POST' to 'http://localhost:17743/session/1ea7a75bb65e8a23ec23720bc8182c9e/window/maximize'
[DEBUG] Using open Channel [id: 0x588af421, L:/127.0.0.1:58829 - R:localhost/127.0.0.1:17743] for POST '/session/1ea7a75bb65e8a23ec23720bc8182c9e/window/maximize'
[DEBUG] 

Request DefaultHttpRequest(decodeResult: success, version: HTTP/1.1)
POST /session/1ea7a75bb65e8a23ec23720bc8182c9e/window/maximize HTTP/1.1
User-Agent: selenium/4.8.2 (java windows)
Content-Length: 3
Content-Type: application/json; charset=utf-8
host: localhost:17743
accept: */*

Response DefaultHttpResponse(decodeResult: success, version: HTTP/1.1)
HTTP/1.1 200 OK
Content-Length: 51
Content-Type: application/json; charset=utf-8
cache-control: no-cache

[DEBUG] Adding key: http://localhost:17743 for channel [id: 0x588af421, L:/127.0.0.1:58829 - R:localhost/127.0.0.1:17743]
[DEBUG] Using pooled Channel '[id: 0x588af421, L:/127.0.0.1:58829 - R:localhost/127.0.0.1:17743]' for 'POST' to 'http://localhost:17743/session/1ea7a75bb65e8a23ec23720bc8182c9e/url'
[DEBUG] Using open Channel [id: 0x588af421, L:/127.0.0.1:58829 - R:localhost/127.0.0.1:17743] for POST '/session/1ea7a75bb65e8a23ec23720bc8182c9e/url'
[DEBUG] Entry count for : http://localhost:58795 : 1
[DEBUG] Entry count for : http://localhost:58761 : 1
[DEBUG] Entry count for : http://localhost:58733 : 1
[DEBUG] Entry count for : http://localhost:18133 : 1
[DEBUG] Entry count for : http://localhost:58830 : 1
[DEBUG] Entry count for : http://localhost:6213 : 1
[DEBUG] Entry count for : http://localhost:32123 : 1
[DEBUG] Entry count for : http://localhost:58795 : 1
[DEBUG] Entry count for : http://localhost:58761 : 1
[DEBUG] Entry count for : http://localhost:58733 : 1
[DEBUG] Entry count for : http://localhost:18133 : 1
[DEBUG] Entry count for : http://localhost:58830 : 1
[DEBUG] Entry count for : http://localhost:6213 : 1
[DEBUG] Entry count for : http://localhost:32123 : 1
[DEBUG] Entry count for : http://localhost:58795 : 1
[DEBUG] Entry count for : http://localhost:58761 : 1
[DEBUG] Entry count for : http://localhost:58733 : 1
[DEBUG] Entry count for : http://localhost:18133 : 1
[DEBUG] Entry count for : http://localhost:58830 : 1
[DEBUG] Entry count for : http://localhost:6213 : 1
[DEBUG] Entry count for : http://localhost:32123 : 1
[DEBUG] Entry count for : http://localhost:58795 : 1
[DEBUG] Entry count for : http://localhost:58761 : 1
[DEBUG] Entry count for : http://localhost:58733 : 1
[DEBUG] Entry count for : http://localhost:18133 : 1
[DEBUG] Entry count for : http://localhost:58830 : 1
[DEBUG] Entry count for : http://localhost:6213 : 1
[DEBUG] Entry count for : http://localhost:32123 : 1
[DEBUG] Entry count for : http://localhost:58795 : 1
[DEBUG] Entry count for : http://localhost:58761 : 1
[DEBUG] Entry count for : http://localhost:58733 : 1
[DEBUG] Entry count for : http://localhost:18133 : 1
[DEBUG] Entry count for : http://localhost:58830 : 1
[DEBUG] Entry count for : http://localhost:6213 : 1
[DEBUG] Entry count for : http://localhost:32123 : 1
[DEBUG] Entry count for : http://localhost:58795 : 1
[DEBUG] Entry count for : http://localhost:58761 : 1
[DEBUG] Entry count for : http://localhost:58733 : 1
[DEBUG] Entry count for : http://localhost:18133 : 1
[DEBUG] Entry count for : http://localhost:58830 : 1
[DEBUG] Entry count for : http://localhost:6213 : 1
[DEBUG] Entry count for : http://localhost:32123 : 1
[DEBUG] Entry count for : http://localhost:58795 : 1
[DEBUG] Entry count for : http://localhost:58761 : 1
[DEBUG] Entry count for : http://localhost:58733 : 1
[DEBUG] Entry count for : http://localhost:18133 : 1
[DEBUG] Entry count for : http://localhost:58830 : 1
[DEBUG] Entry count for : http://localhost:6213 : 1
[DEBUG] Entry count for : http://localhost:32123 : 1
[DEBUG] 

Request DefaultHttpRequest(decodeResult: success, version: HTTP/1.1)
POST /session/1ea7a75bb65e8a23ec23720bc8182c9e/url HTTP/1.1
User-Agent: selenium/4.8.2 (java windows)
Content-Length: 67
Content-Type: application/json; charset=utf-8
host: localhost:17743
accept: */*

Response DefaultHttpResponse(decodeResult: success, version: HTTP/1.1)
HTTP/1.1 200 OK
Content-Length: 14
Content-Type: application/json; charset=utf-8
cache-control: no-cache

[DEBUG] Adding key: http://localhost:17743 for channel [id: 0x588af421, L:/127.0.0.1:58829 - R:localhost/127.0.0.1:17743]
[DEBUG] Using pooled Channel '[id: 0x588af421, L:/127.0.0.1:58829 - R:localhost/127.0.0.1:17743]' for 'POST' to 'http://localhost:17743/session/1ea7a75bb65e8a23ec23720bc8182c9e/timeouts'
[DEBUG] Using open Channel [id: 0x588af421, L:/127.0.0.1:58829 - R:localhost/127.0.0.1:17743] for POST '/session/1ea7a75bb65e8a23ec23720bc8182c9e/timeouts'
[DEBUG] 

Request DefaultHttpRequest(decodeResult: success, version: HTTP/1.1)
POST /session/1ea7a75bb65e8a23ec23720bc8182c9e/timeouts HTTP/1.1
User-Agent: selenium/4.8.2 (java windows)
Content-Length: 23
Content-Type: application/json; charset=utf-8
host: localhost:17743
accept: */*

Response DefaultHttpResponse(decodeResult: success, version: HTTP/1.1)
HTTP/1.1 200 OK
Content-Length: 14
Content-Type: application/json; charset=utf-8
cache-control: no-cache

[DEBUG] Adding key: http://localhost:17743 for channel [id: 0x588af421, L:/127.0.0.1:58829 - R:localhost/127.0.0.1:17743]
[DEBUG] Using pooled Channel '[id: 0x588af421, L:/127.0.0.1:58829 - R:localhost/127.0.0.1:17743]' for 'POST' to 'http://localhost:17743/session/1ea7a75bb65e8a23ec23720bc8182c9e/timeouts'
[DEBUG] Using open Channel [id: 0x588af421, L:/127.0.0.1:58829 - R:localhost/127.0.0.1:17743] for POST '/session/1ea7a75bb65e8a23ec23720bc8182c9e/timeouts'
[DEBUG] 

Request DefaultHttpRequest(decodeResult: success, version: HTTP/1.1)
POST /session/1ea7a75bb65e8a23ec23720bc8182c9e/timeouts HTTP/1.1
User-Agent: selenium/4.8.2 (java windows)
Content-Length: 23
Content-Type: application/json; charset=utf-8
host: localhost:17743
accept: */*

Response DefaultHttpResponse(decodeResult: success, version: HTTP/1.1)
HTTP/1.1 200 OK
Content-Length: 14
Content-Type: application/json; charset=utf-8
cache-control: no-cache

[DEBUG] Adding key: http://localhost:17743 for channel [id: 0x588af421, L:/127.0.0.1:58829 - R:localhost/127.0.0.1:17743]
[DEBUG] Using pooled Channel '[id: 0x588af421, L:/127.0.0.1:58829 - R:localhost/127.0.0.1:17743]' for 'POST' to 'http://localhost:17743/session/1ea7a75bb65e8a23ec23720bc8182c9e/timeouts'
[DEBUG] Using open Channel [id: 0x588af421, L:/127.0.0.1:58829 - R:localhost/127.0.0.1:17743] for POST '/session/1ea7a75bb65e8a23ec23720bc8182c9e/timeouts'
[DEBUG] 

Request DefaultHttpRequest(decodeResult: success, version: HTTP/1.1)
POST /session/1ea7a75bb65e8a23ec23720bc8182c9e/timeouts HTTP/1.1
User-Agent: selenium/4.8.2 (java windows)
Content-Length: 21
Content-Type: application/json; charset=utf-8
host: localhost:17743
accept: */*

Response DefaultHttpResponse(decodeResult: success, version: HTTP/1.1)
HTTP/1.1 200 OK
Content-Length: 14
Content-Type: application/json; charset=utf-8
cache-control: no-cache

[DEBUG] Adding key: http://localhost:17743 for channel [id: 0x588af421, L:/127.0.0.1:58829 - R:localhost/127.0.0.1:17743]
[DEBUG] Entry count for : http://localhost:58795 : 1
[DEBUG] Entry count for : http://localhost:58761 : 1
[DEBUG] Entry count for : http://localhost:58733 : 1
[DEBUG] Entry count for : http://localhost:18133 : 1
[DEBUG] Entry count for : http://localhost:58830 : 1
[DEBUG] Entry count for : http://localhost:6213 : 1
[DEBUG] Entry count for : http://localhost:17743 : 1
[DEBUG] Entry count for : http://localhost:32123 : 1
[DEBUG] Using pooled Channel '[id: 0x25bdb207, L:/127.0.0.1:58760 - R:localhost/127.0.0.1:32123]' for 'GET' to 'http://localhost:32123/session/20b622da6438e44803f5917c5cb4c28d/title'
[DEBUG] Using open Channel [id: 0x25bdb207, L:/127.0.0.1:58760 - R:localhost/127.0.0.1:32123] for GET '/session/20b622da6438e44803f5917c5cb4c28d/title'
[DEBUG] 

Request DefaultFullHttpRequest(decodeResult: success, version: HTTP/1.1, content: EmptyByteBufBE)
GET /session/20b622da6438e44803f5917c5cb4c28d/title HTTP/1.1
User-Agent: selenium/4.8.2 (java windows)
Cache-Control: no-cache
Content-Type: application/json; charset=utf-8
host: localhost:32123
accept: */*

Response DefaultHttpResponse(decodeResult: success, version: HTTP/1.1)
HTTP/1.1 200 OK
Content-Length: 22
Content-Type: application/json; charset=utf-8
cache-control: no-cache

[DEBUG] Adding key: http://localhost:32123 for channel [id: 0x25bdb207, L:/127.0.0.1:58760 - R:localhost/127.0.0.1:32123]
Your Store
[DEBUG] Using pooled Channel '[id: 0x25bdb207, L:/127.0.0.1:58760 - R:localhost/127.0.0.1:32123]' for 'GET' to 'http://localhost:32123/session/20b622da6438e44803f5917c5cb4c28d/url'
[DEBUG] Using open Channel [id: 0x25bdb207, L:/127.0.0.1:58760 - R:localhost/127.0.0.1:32123] for GET '/session/20b622da6438e44803f5917c5cb4c28d/url'
[DEBUG] 

Request DefaultFullHttpRequest(decodeResult: success, version: HTTP/1.1, content: EmptyByteBufBE)
GET /session/20b622da6438e44803f5917c5cb4c28d/url HTTP/1.1
User-Agent: selenium/4.8.2 (java windows)
Cache-Control: no-cache
Content-Type: application/json; charset=utf-8
host: localhost:32123
accept: */*

Response DefaultHttpResponse(decodeResult: success, version: HTTP/1.1)
HTTP/1.1 200 OK
Content-Length: 44
Content-Type: application/json; charset=utf-8
cache-control: no-cache

[DEBUG] Adding key: http://localhost:32123 for channel [id: 0x25bdb207, L:/127.0.0.1:58760 - R:localhost/127.0.0.1:32123]
https://tutorialsninja.com/demo/
[DEBUG] Using pooled Channel '[id: 0x25bdb207, L:/127.0.0.1:58760 - R:localhost/127.0.0.1:32123]' for 'GET' to 'http://localhost:32123/session/20b622da6438e44803f5917c5cb4c28d/title'
[DEBUG] Using open Channel [id: 0x25bdb207, L:/127.0.0.1:58760 - R:localhost/127.0.0.1:32123] for GET '/session/20b622da6438e44803f5917c5cb4c28d/title'
[DEBUG] 

Request DefaultFullHttpRequest(decodeResult: success, version: HTTP/1.1, content: EmptyByteBufBE)
GET /session/20b622da6438e44803f5917c5cb4c28d/title HTTP/1.1
User-Agent: selenium/4.8.2 (java windows)
Cache-Control: no-cache
Content-Type: application/json; charset=utf-8
host: localhost:32123
accept: */*

Response DefaultHttpResponse(decodeResult: success, version: HTTP/1.1)
HTTP/1.1 200 OK
Content-Length: 22
Content-Type: application/json; charset=utf-8
cache-control: no-cache

[DEBUG] Adding key: http://localhost:32123 for channel [id: 0x25bdb207, L:/127.0.0.1:58760 - R:localhost/127.0.0.1:32123]
[DEBUG] Using pooled Channel '[id: 0x25bdb207, L:/127.0.0.1:58760 - R:localhost/127.0.0.1:32123]' for 'GET' to 'http://localhost:32123/session/20b622da6438e44803f5917c5cb4c28d/url'
[DEBUG] Using open Channel [id: 0x25bdb207, L:/127.0.0.1:58760 - R:localhost/127.0.0.1:32123] for GET '/session/20b622da6438e44803f5917c5cb4c28d/url'
[DEBUG] 

Request DefaultFullHttpRequest(decodeResult: success, version: HTTP/1.1, content: EmptyByteBufBE)
GET /session/20b622da6438e44803f5917c5cb4c28d/url HTTP/1.1
User-Agent: selenium/4.8.2 (java windows)
Cache-Control: no-cache
Content-Type: application/json; charset=utf-8
host: localhost:32123
accept: */*

Response DefaultHttpResponse(decodeResult: success, version: HTTP/1.1)
HTTP/1.1 200 OK
Content-Length: 44
Content-Type: application/json; charset=utf-8
cache-control: no-cache

[DEBUG] Adding key: http://localhost:32123 for channel [id: 0x25bdb207, L:/127.0.0.1:58760 - R:localhost/127.0.0.1:32123]
Webpage is functional and valid
]]></system-out>
    <system-err><![CDATA[Starting ChromeDriver 113.0.5672.63 (0e1a4471d5ae5bf128b1bd8f4d627c8cbd55f70c-refs/branch-heads/5672@{#912}) on port 6213
Only local connections are allowed.
Please see https://chromedriver.chromium.org/security-considerations for suggestions on keeping ChromeDriver safe.
ChromeDriver was started successfully.
May 26, 2023 4:34:34 PM org.openqa.selenium.devtools.CdpVersionFinder findNearestMatch
WARNING: Unable to find an exact match for CDP version 113, so returning the closest version found: 111
Starting ChromeDriver 113.0.5672.63 (0e1a4471d5ae5bf128b1bd8f4d627c8cbd55f70c-refs/branch-heads/5672@{#912}) on port 32123
Only local connections are allowed.
Please see https://chromedriver.chromium.org/security-considerations for suggestions on keeping ChromeDriver safe.
ChromeDriver was started successfully.
May 26, 2023 4:34:38 PM org.openqa.selenium.devtools.CdpVersionFinder findNearestMatch
WARNING: Unable to find an exact match for CDP version 113, so returning the closest version found: 111
Starting ChromeDriver 113.0.5672.63 (0e1a4471d5ae5bf128b1bd8f4d627c8cbd55f70c-refs/branch-heads/5672@{#912}) on port 18133
Only local connections are allowed.
Please see https://chromedriver.chromium.org/security-considerations for suggestions on keeping ChromeDriver safe.
ChromeDriver was started successfully.
May 26, 2023 4:34:42 PM org.openqa.selenium.devtools.CdpVersionFinder findNearestMatch
WARNING: Unable to find an exact match for CDP version 113, so returning the closest version found: 111
Starting ChromeDriver 113.0.5672.63 (0e1a4471d5ae5bf128b1bd8f4d627c8cbd55f70c-refs/branch-heads/5672@{#912}) on port 17743
Only local connections are allowed.
Please see https://chromedriver.chromium.org/security-considerations for suggestions on keeping ChromeDriver safe.
ChromeDriver was started successfully.
May 26, 2023 4:34:46 PM org.openqa.selenium.devtools.CdpVersionFinder findNearestMatch
WARNING: Unable to find an exact match for CDP version 113, so returning the closest version found: 111
]]></system-err>
  </testcase>
  <testcase name="loginWithInvalidCredentials" classname="com.qa.ninja.testcases.Ninja_LoginPageTest" time="0.907">
    <system-out><![CDATA[[DEBUG] Using pooled Channel '[id: 0xfe7e6d61, L:/127.0.0.1:58794 - R:localhost/127.0.0.1:18133]' for 'POST' to 'http://localhost:18133/session/24115f03451b24154823f0f838b016db/element'
[DEBUG] Using open Channel [id: 0xfe7e6d61, L:/127.0.0.1:58794 - R:localhost/127.0.0.1:18133] for POST '/session/24115f03451b24154823f0f838b016db/element'
[DEBUG] 

Request DefaultHttpRequest(decodeResult: success, version: HTTP/1.1)
POST /session/24115f03451b24154823f0f838b016db/element HTTP/1.1
User-Agent: selenium/4.8.2 (java windows)
Content-Length: 59
Content-Type: application/json; charset=utf-8
host: localhost:18133
accept: */*

Response DefaultHttpResponse(decodeResult: success, version: HTTP/1.1)
HTTP/1.1 200 OK
Content-Length: 95
Content-Type: application/json; charset=utf-8
cache-control: no-cache

[DEBUG] Adding key: http://localhost:18133 for channel [id: 0xfe7e6d61, L:/127.0.0.1:58794 - R:localhost/127.0.0.1:18133]
[DEBUG] Using pooled Channel '[id: 0xfe7e6d61, L:/127.0.0.1:58794 - R:localhost/127.0.0.1:18133]' for 'POST' to 'http://localhost:18133/session/24115f03451b24154823f0f838b016db/element/8473914C1F457A7AE008869BC93107BC_element_67/value'
[DEBUG] Using open Channel [id: 0xfe7e6d61, L:/127.0.0.1:58794 - R:localhost/127.0.0.1:18133] for POST '/session/24115f03451b24154823f0f838b016db/element/8473914C1F457A7AE008869BC93107BC_element_67/value'
[DEBUG] 

Request DefaultHttpRequest(decodeResult: success, version: HTTP/1.1)
POST /session/24115f03451b24154823f0f838b016db/element/8473914C1F457A7AE008869BC93107BC_element_67/value HTTP/1.1
User-Agent: selenium/4.8.2 (java windows)
Content-Length: 858
Content-Type: application/json; charset=utf-8
host: localhost:18133
accept: */*

Response DefaultHttpResponse(decodeResult: success, version: HTTP/1.1)
HTTP/1.1 200 OK
Content-Length: 14
Content-Type: application/json; charset=utf-8
cache-control: no-cache

[DEBUG] Adding key: http://localhost:18133 for channel [id: 0xfe7e6d61, L:/127.0.0.1:58794 - R:localhost/127.0.0.1:18133]
[DEBUG] Using pooled Channel '[id: 0xfe7e6d61, L:/127.0.0.1:58794 - R:localhost/127.0.0.1:18133]' for 'POST' to 'http://localhost:18133/session/24115f03451b24154823f0f838b016db/element'
[DEBUG] Using open Channel [id: 0xfe7e6d61, L:/127.0.0.1:58794 - R:localhost/127.0.0.1:18133] for POST '/session/24115f03451b24154823f0f838b016db/element'
[DEBUG] 

Request DefaultHttpRequest(decodeResult: success, version: HTTP/1.1)
POST /session/24115f03451b24154823f0f838b016db/element HTTP/1.1
User-Agent: selenium/4.8.2 (java windows)
Content-Length: 62
Content-Type: application/json; charset=utf-8
host: localhost:18133
accept: */*

Response DefaultHttpResponse(decodeResult: success, version: HTTP/1.1)
HTTP/1.1 200 OK
Content-Length: 95
Content-Type: application/json; charset=utf-8
cache-control: no-cache

[DEBUG] Adding key: http://localhost:18133 for channel [id: 0xfe7e6d61, L:/127.0.0.1:58794 - R:localhost/127.0.0.1:18133]
[DEBUG] Using pooled Channel '[id: 0xfe7e6d61, L:/127.0.0.1:58794 - R:localhost/127.0.0.1:18133]' for 'POST' to 'http://localhost:18133/session/24115f03451b24154823f0f838b016db/element/8473914C1F457A7AE008869BC93107BC_element_63/value'
[DEBUG] Using open Channel [id: 0xfe7e6d61, L:/127.0.0.1:58794 - R:localhost/127.0.0.1:18133] for POST '/session/24115f03451b24154823f0f838b016db/element/8473914C1F457A7AE008869BC93107BC_element_63/value'
[DEBUG] 

Request DefaultHttpRequest(decodeResult: success, version: HTTP/1.1)
POST /session/24115f03451b24154823f0f838b016db/element/8473914C1F457A7AE008869BC93107BC_element_63/value HTTP/1.1
User-Agent: selenium/4.8.2 (java windows)
Content-Length: 768
Content-Type: application/json; charset=utf-8
host: localhost:18133
accept: */*

Response DefaultHttpResponse(decodeResult: success, version: HTTP/1.1)
HTTP/1.1 200 OK
Content-Length: 14
Content-Type: application/json; charset=utf-8
cache-control: no-cache

[DEBUG] Adding key: http://localhost:18133 for channel [id: 0xfe7e6d61, L:/127.0.0.1:58794 - R:localhost/127.0.0.1:18133]
[DEBUG] Using pooled Channel '[id: 0xfe7e6d61, L:/127.0.0.1:58794 - R:localhost/127.0.0.1:18133]' for 'POST' to 'http://localhost:18133/session/24115f03451b24154823f0f838b016db/element'
[DEBUG] Using open Channel [id: 0xfe7e6d61, L:/127.0.0.1:58794 - R:localhost/127.0.0.1:18133] for POST '/session/24115f03451b24154823f0f838b016db/element'
[DEBUG] 

Request DefaultHttpRequest(decodeResult: success, version: HTTP/1.1)
POST /session/24115f03451b24154823f0f838b016db/element HTTP/1.1
User-Agent: selenium/4.8.2 (java windows)
Content-Length: 65
Content-Type: application/json; charset=utf-8
host: localhost:18133
accept: */*

Response DefaultHttpResponse(decodeResult: success, version: HTTP/1.1)
HTTP/1.1 200 OK
Content-Length: 95
Content-Type: application/json; charset=utf-8
cache-control: no-cache

[DEBUG] Adding key: http://localhost:18133 for channel [id: 0xfe7e6d61, L:/127.0.0.1:58794 - R:localhost/127.0.0.1:18133]
[DEBUG] Using pooled Channel '[id: 0xfe7e6d61, L:/127.0.0.1:58794 - R:localhost/127.0.0.1:18133]' for 'POST' to 'http://localhost:18133/session/24115f03451b24154823f0f838b016db/element/8473914C1F457A7AE008869BC93107BC_element_68/click'
[DEBUG] Using open Channel [id: 0xfe7e6d61, L:/127.0.0.1:58794 - R:localhost/127.0.0.1:18133] for POST '/session/24115f03451b24154823f0f838b016db/element/8473914C1F457A7AE008869BC93107BC_element_68/click'
[DEBUG] 

Request DefaultHttpRequest(decodeResult: success, version: HTTP/1.1)
POST /session/24115f03451b24154823f0f838b016db/element/8473914C1F457A7AE008869BC93107BC_element_68/click HTTP/1.1
User-Agent: selenium/4.8.2 (java windows)
Content-Length: 57
Content-Type: application/json; charset=utf-8
host: localhost:18133
accept: */*

Response DefaultHttpResponse(decodeResult: success, version: HTTP/1.1)
HTTP/1.1 200 OK
Content-Length: 14
Content-Type: application/json; charset=utf-8
cache-control: no-cache

[DEBUG] Adding key: http://localhost:18133 for channel [id: 0xfe7e6d61, L:/127.0.0.1:58794 - R:localhost/127.0.0.1:18133]
[DEBUG] Using pooled Channel '[id: 0xfe7e6d61, L:/127.0.0.1:58794 - R:localhost/127.0.0.1:18133]' for 'POST' to 'http://localhost:18133/session/24115f03451b24154823f0f838b016db/element'
[DEBUG] Using open Channel [id: 0xfe7e6d61, L:/127.0.0.1:58794 - R:localhost/127.0.0.1:18133] for POST '/session/24115f03451b24154823f0f838b016db/element'
[DEBUG] 

Request DefaultHttpRequest(decodeResult: success, version: HTTP/1.1)
POST /session/24115f03451b24154823f0f838b016db/element HTTP/1.1
User-Agent: selenium/4.8.2 (java windows)
Content-Length: 84
Content-Type: application/json; charset=utf-8
host: localhost:18133
accept: */*

Response DefaultHttpResponse(decodeResult: success, version: HTTP/1.1)
HTTP/1.1 200 OK
Content-Length: 95
Content-Type: application/json; charset=utf-8
cache-control: no-cache

[DEBUG] Adding key: http://localhost:18133 for channel [id: 0xfe7e6d61, L:/127.0.0.1:58794 - R:localhost/127.0.0.1:18133]
[DEBUG] Using pooled Channel '[id: 0xfe7e6d61, L:/127.0.0.1:58794 - R:localhost/127.0.0.1:18133]' for 'POST' to 'http://localhost:18133/session/24115f03451b24154823f0f838b016db/execute/sync'
[DEBUG] Using open Channel [id: 0xfe7e6d61, L:/127.0.0.1:58794 - R:localhost/127.0.0.1:18133] for POST '/session/24115f03451b24154823f0f838b016db/execute/sync'
[DEBUG] 

Request DefaultHttpRequest(decodeResult: success, version: HTTP/1.1)
POST /session/24115f03451b24154823f0f838b016db/execute/sync HTTP/1.1
User-Agent: selenium/4.8.2 (java windows)
Content-Length: 48814
Content-Type: application/json; charset=utf-8
host: localhost:18133
accept: */*

Response DefaultHttpResponse(decodeResult: success, version: HTTP/1.1)
HTTP/1.1 200 OK
Content-Length: 14
Content-Type: application/json; charset=utf-8
cache-control: no-cache

[DEBUG] Adding key: http://localhost:18133 for channel [id: 0xfe7e6d61, L:/127.0.0.1:58794 - R:localhost/127.0.0.1:18133]
[DEBUG] Using pooled Channel '[id: 0xfe7e6d61, L:/127.0.0.1:58794 - R:localhost/127.0.0.1:18133]' for 'POST' to 'http://localhost:18133/session/24115f03451b24154823f0f838b016db/element'
[DEBUG] Using open Channel [id: 0xfe7e6d61, L:/127.0.0.1:58794 - R:localhost/127.0.0.1:18133] for POST '/session/24115f03451b24154823f0f838b016db/element'
[DEBUG] 

Request DefaultHttpRequest(decodeResult: success, version: HTTP/1.1)
POST /session/24115f03451b24154823f0f838b016db/element HTTP/1.1
User-Agent: selenium/4.8.2 (java windows)
Content-Length: 84
Content-Type: application/json; charset=utf-8
host: localhost:18133
accept: */*

Response DefaultHttpResponse(decodeResult: success, version: HTTP/1.1)
HTTP/1.1 200 OK
Content-Length: 95
Content-Type: application/json; charset=utf-8
cache-control: no-cache

[DEBUG] Adding key: http://localhost:18133 for channel [id: 0xfe7e6d61, L:/127.0.0.1:58794 - R:localhost/127.0.0.1:18133]
[DEBUG] Using pooled Channel '[id: 0xfe7e6d61, L:/127.0.0.1:58794 - R:localhost/127.0.0.1:18133]' for 'POST' to 'http://localhost:18133/session/24115f03451b24154823f0f838b016db/execute/sync'
[DEBUG] Using open Channel [id: 0xfe7e6d61, L:/127.0.0.1:58794 - R:localhost/127.0.0.1:18133] for POST '/session/24115f03451b24154823f0f838b016db/execute/sync'
[DEBUG] 

Request DefaultHttpRequest(decodeResult: success, version: HTTP/1.1)
POST /session/24115f03451b24154823f0f838b016db/execute/sync HTTP/1.1
User-Agent: selenium/4.8.2 (java windows)
Content-Length: 48814
Content-Type: application/json; charset=utf-8
host: localhost:18133
accept: */*

Response DefaultHttpResponse(decodeResult: success, version: HTTP/1.1)
HTTP/1.1 200 OK
Content-Length: 14
Content-Type: application/json; charset=utf-8
cache-control: no-cache

[DEBUG] Adding key: http://localhost:18133 for channel [id: 0xfe7e6d61, L:/127.0.0.1:58794 - R:localhost/127.0.0.1:18133]
]]></system-out>
  </testcase>
  <testcase name="registrationWithNoDetails" classname="com.qa.ninja.testcases.Ninja_CreateAnAccountTests" time="0.742">
    <system-out><![CDATA[[DEBUG] Using pooled Channel '[id: 0xf4896cd9, L:/127.0.0.1:58732 - R:localhost/127.0.0.1:6213]' for 'POST' to 'http://localhost:6213/session/9bd33102c2ee15f4dcd548a8a2ddd9eb/element'
[DEBUG] Using open Channel [id: 0xf4896cd9, L:/127.0.0.1:58732 - R:localhost/127.0.0.1:6213] for POST '/session/9bd33102c2ee15f4dcd548a8a2ddd9eb/element'
[DEBUG] 

Request DefaultHttpRequest(decodeResult: success, version: HTTP/1.1)
POST /session/9bd33102c2ee15f4dcd548a8a2ddd9eb/element HTTP/1.1
User-Agent: selenium/4.8.2 (java windows)
Content-Length: 65
Content-Type: application/json; charset=utf-8
host: localhost:6213
accept: */*

Response DefaultHttpResponse(decodeResult: success, version: HTTP/1.1)
HTTP/1.1 200 OK
Content-Length: 95
Content-Type: application/json; charset=utf-8
cache-control: no-cache

[DEBUG] Adding key: http://localhost:6213 for channel [id: 0xf4896cd9, L:/127.0.0.1:58732 - R:localhost/127.0.0.1:6213]
[DEBUG] Using pooled Channel '[id: 0xf4896cd9, L:/127.0.0.1:58732 - R:localhost/127.0.0.1:6213]' for 'POST' to 'http://localhost:6213/session/9bd33102c2ee15f4dcd548a8a2ddd9eb/element/1C7F47C9CC0AE78015F3A583635673ED_element_68/click'
[DEBUG] Using open Channel [id: 0xf4896cd9, L:/127.0.0.1:58732 - R:localhost/127.0.0.1:6213] for POST '/session/9bd33102c2ee15f4dcd548a8a2ddd9eb/element/1C7F47C9CC0AE78015F3A583635673ED_element_68/click'
[DEBUG] Entry count for : http://localhost:58795 : 1
[DEBUG] Entry count for : http://localhost:58761 : 1
[DEBUG] Entry count for : http://localhost:58733 : 1
[DEBUG] Entry count for : http://localhost:18133 : 1
[DEBUG] Entry count for : http://localhost:58830 : 1
[DEBUG] Entry count for : http://localhost:17743 : 1
[DEBUG] Entry count for : http://localhost:32123 : 1
[DEBUG] 

Request DefaultHttpRequest(decodeResult: success, version: HTTP/1.1)
POST /session/9bd33102c2ee15f4dcd548a8a2ddd9eb/element/1C7F47C9CC0AE78015F3A583635673ED_element_68/click HTTP/1.1
User-Agent: selenium/4.8.2 (java windows)
Content-Length: 57
Content-Type: application/json; charset=utf-8
host: localhost:6213
accept: */*

Response DefaultHttpResponse(decodeResult: success, version: HTTP/1.1)
HTTP/1.1 200 OK
Content-Length: 14
Content-Type: application/json; charset=utf-8
cache-control: no-cache

[DEBUG] Adding key: http://localhost:6213 for channel [id: 0xf4896cd9, L:/127.0.0.1:58732 - R:localhost/127.0.0.1:6213]
[DEBUG] Using pooled Channel '[id: 0xf4896cd9, L:/127.0.0.1:58732 - R:localhost/127.0.0.1:6213]' for 'POST' to 'http://localhost:6213/session/9bd33102c2ee15f4dcd548a8a2ddd9eb/element'
[DEBUG] Using open Channel [id: 0xf4896cd9, L:/127.0.0.1:58732 - R:localhost/127.0.0.1:6213] for POST '/session/9bd33102c2ee15f4dcd548a8a2ddd9eb/element'
[DEBUG] 

Request DefaultHttpRequest(decodeResult: success, version: HTTP/1.1)
POST /session/9bd33102c2ee15f4dcd548a8a2ddd9eb/element HTTP/1.1
User-Agent: selenium/4.8.2 (java windows)
Content-Length: 84
Content-Type: application/json; charset=utf-8
host: localhost:6213
accept: */*

Response DefaultHttpResponse(decodeResult: success, version: HTTP/1.1)
HTTP/1.1 200 OK
Content-Length: 95
Content-Type: application/json; charset=utf-8
cache-control: no-cache

[DEBUG] Adding key: http://localhost:6213 for channel [id: 0xf4896cd9, L:/127.0.0.1:58732 - R:localhost/127.0.0.1:6213]
[DEBUG] Using pooled Channel '[id: 0xf4896cd9, L:/127.0.0.1:58732 - R:localhost/127.0.0.1:6213]' for 'GET' to 'http://localhost:6213/session/9bd33102c2ee15f4dcd548a8a2ddd9eb/element/6BFCD955FD2C9132F760BA924B5F9DA6_element_74/text'
[DEBUG] Using open Channel [id: 0xf4896cd9, L:/127.0.0.1:58732 - R:localhost/127.0.0.1:6213] for GET '/session/9bd33102c2ee15f4dcd548a8a2ddd9eb/element/6BFCD955FD2C9132F760BA924B5F9DA6_element_74/text'
[DEBUG] 

Request DefaultFullHttpRequest(decodeResult: success, version: HTTP/1.1, content: EmptyByteBufBE)
GET /session/9bd33102c2ee15f4dcd548a8a2ddd9eb/element/6BFCD955FD2C9132F760BA924B5F9DA6_element_74/text HTTP/1.1
User-Agent: selenium/4.8.2 (java windows)
Cache-Control: no-cache
Content-Type: application/json; charset=utf-8
host: localhost:6213
accept: */*

Response DefaultHttpResponse(decodeResult: success, version: HTTP/1.1)
HTTP/1.1 200 OK
Content-Length: 58
Content-Type: application/json; charset=utf-8
cache-control: no-cache

[DEBUG] Adding key: http://localhost:6213 for channel [id: 0xf4896cd9, L:/127.0.0.1:58732 - R:localhost/127.0.0.1:6213]
[DEBUG] Using pooled Channel '[id: 0xf4896cd9, L:/127.0.0.1:58732 - R:localhost/127.0.0.1:6213]' for 'POST' to 'http://localhost:6213/session/9bd33102c2ee15f4dcd548a8a2ddd9eb/element'
[DEBUG] Using open Channel [id: 0xf4896cd9, L:/127.0.0.1:58732 - R:localhost/127.0.0.1:6213] for POST '/session/9bd33102c2ee15f4dcd548a8a2ddd9eb/element'
[DEBUG] 

Request DefaultHttpRequest(decodeResult: success, version: HTTP/1.1)
POST /session/9bd33102c2ee15f4dcd548a8a2ddd9eb/element HTTP/1.1
User-Agent: selenium/4.8.2 (java windows)
Content-Length: 84
Content-Type: application/json; charset=utf-8
host: localhost:6213
accept: */*

Response DefaultHttpResponse(decodeResult: success, version: HTTP/1.1)
HTTP/1.1 200 OK
Content-Length: 95
Content-Type: application/json; charset=utf-8
cache-control: no-cache

[DEBUG] Adding key: http://localhost:6213 for channel [id: 0xf4896cd9, L:/127.0.0.1:58732 - R:localhost/127.0.0.1:6213]
[DEBUG] Using pooled Channel '[id: 0xf4896cd9, L:/127.0.0.1:58732 - R:localhost/127.0.0.1:6213]' for 'GET' to 'http://localhost:6213/session/9bd33102c2ee15f4dcd548a8a2ddd9eb/element/6BFCD955FD2C9132F760BA924B5F9DA6_element_74/text'
[DEBUG] Using open Channel [id: 0xf4896cd9, L:/127.0.0.1:58732 - R:localhost/127.0.0.1:6213] for GET '/session/9bd33102c2ee15f4dcd548a8a2ddd9eb/element/6BFCD955FD2C9132F760BA924B5F9DA6_element_74/text'
[DEBUG] 

Request DefaultFullHttpRequest(decodeResult: success, version: HTTP/1.1, content: EmptyByteBufBE)
GET /session/9bd33102c2ee15f4dcd548a8a2ddd9eb/element/6BFCD955FD2C9132F760BA924B5F9DA6_element_74/text HTTP/1.1
User-Agent: selenium/4.8.2 (java windows)
Cache-Control: no-cache
Content-Type: application/json; charset=utf-8
host: localhost:6213
accept: */*

Response DefaultHttpResponse(decodeResult: success, version: HTTP/1.1)
HTTP/1.1 200 OK
Content-Length: 58
Content-Type: application/json; charset=utf-8
cache-control: no-cache

[DEBUG] Adding key: http://localhost:6213 for channel [id: 0xf4896cd9, L:/127.0.0.1:58732 - R:localhost/127.0.0.1:6213]
[DEBUG] Using pooled Channel '[id: 0xf4896cd9, L:/127.0.0.1:58732 - R:localhost/127.0.0.1:6213]' for 'POST' to 'http://localhost:6213/session/9bd33102c2ee15f4dcd548a8a2ddd9eb/element'
[DEBUG] Using open Channel [id: 0xf4896cd9, L:/127.0.0.1:58732 - R:localhost/127.0.0.1:6213] for POST '/session/9bd33102c2ee15f4dcd548a8a2ddd9eb/element'
[DEBUG] 

Request DefaultHttpRequest(decodeResult: success, version: HTTP/1.1)
POST /session/9bd33102c2ee15f4dcd548a8a2ddd9eb/element HTTP/1.1
User-Agent: selenium/4.8.2 (java windows)
Content-Length: 69
Content-Type: application/json; charset=utf-8
host: localhost:6213
accept: */*

Response DefaultHttpResponse(decodeResult: success, version: HTTP/1.1)
HTTP/1.1 200 OK
Content-Length: 95
Content-Type: application/json; charset=utf-8
cache-control: no-cache

[DEBUG] Adding key: http://localhost:6213 for channel [id: 0xf4896cd9, L:/127.0.0.1:58732 - R:localhost/127.0.0.1:6213]
[DEBUG] Using pooled Channel '[id: 0xf4896cd9, L:/127.0.0.1:58732 - R:localhost/127.0.0.1:6213]' for 'POST' to 'http://localhost:6213/session/9bd33102c2ee15f4dcd548a8a2ddd9eb/execute/sync'
[DEBUG] Using open Channel [id: 0xf4896cd9, L:/127.0.0.1:58732 - R:localhost/127.0.0.1:6213] for POST '/session/9bd33102c2ee15f4dcd548a8a2ddd9eb/execute/sync'
[DEBUG] 

Request DefaultHttpRequest(decodeResult: success, version: HTTP/1.1)
POST /session/9bd33102c2ee15f4dcd548a8a2ddd9eb/execute/sync HTTP/1.1
User-Agent: selenium/4.8.2 (java windows)
Content-Length: 48814
Content-Type: application/json; charset=utf-8
host: localhost:6213
accept: */*

Response DefaultHttpResponse(decodeResult: success, version: HTTP/1.1)
HTTP/1.1 200 OK
Content-Length: 14
Content-Type: application/json; charset=utf-8
cache-control: no-cache

[DEBUG] Adding key: http://localhost:6213 for channel [id: 0xf4896cd9, L:/127.0.0.1:58732 - R:localhost/127.0.0.1:6213]
[DEBUG] Using pooled Channel '[id: 0xf4896cd9, L:/127.0.0.1:58732 - R:localhost/127.0.0.1:6213]' for 'POST' to 'http://localhost:6213/session/9bd33102c2ee15f4dcd548a8a2ddd9eb/element'
[DEBUG] Using open Channel [id: 0xf4896cd9, L:/127.0.0.1:58732 - R:localhost/127.0.0.1:6213] for POST '/session/9bd33102c2ee15f4dcd548a8a2ddd9eb/element'
[DEBUG] 

Request DefaultHttpRequest(decodeResult: success, version: HTTP/1.1)
POST /session/9bd33102c2ee15f4dcd548a8a2ddd9eb/element HTTP/1.1
User-Agent: selenium/4.8.2 (java windows)
Content-Length: 69
Content-Type: application/json; charset=utf-8
host: localhost:6213
accept: */*

Response DefaultHttpResponse(decodeResult: success, version: HTTP/1.1)
HTTP/1.1 200 OK
Content-Length: 95
Content-Type: application/json; charset=utf-8
cache-control: no-cache

[DEBUG] Adding key: http://localhost:6213 for channel [id: 0xf4896cd9, L:/127.0.0.1:58732 - R:localhost/127.0.0.1:6213]
[DEBUG] Using pooled Channel '[id: 0xf4896cd9, L:/127.0.0.1:58732 - R:localhost/127.0.0.1:6213]' for 'POST' to 'http://localhost:6213/session/9bd33102c2ee15f4dcd548a8a2ddd9eb/execute/sync'
[DEBUG] Using open Channel [id: 0xf4896cd9, L:/127.0.0.1:58732 - R:localhost/127.0.0.1:6213] for POST '/session/9bd33102c2ee15f4dcd548a8a2ddd9eb/execute/sync'
[DEBUG] 

Request DefaultHttpRequest(decodeResult: success, version: HTTP/1.1)
POST /session/9bd33102c2ee15f4dcd548a8a2ddd9eb/execute/sync HTTP/1.1
User-Agent: selenium/4.8.2 (java windows)
Content-Length: 48814
Content-Type: application/json; charset=utf-8
host: localhost:6213
accept: */*

Response DefaultHttpResponse(decodeResult: success, version: HTTP/1.1)
HTTP/1.1 200 OK
Content-Length: 14
Content-Type: application/json; charset=utf-8
cache-control: no-cache

[DEBUG] Adding key: http://localhost:6213 for channel [id: 0xf4896cd9, L:/127.0.0.1:58732 - R:localhost/127.0.0.1:6213]
[DEBUG] Using pooled Channel '[id: 0xf4896cd9, L:/127.0.0.1:58732 - R:localhost/127.0.0.1:6213]' for 'POST' to 'http://localhost:6213/session/9bd33102c2ee15f4dcd548a8a2ddd9eb/element'
[DEBUG] Using open Channel [id: 0xf4896cd9, L:/127.0.0.1:58732 - R:localhost/127.0.0.1:6213] for POST '/session/9bd33102c2ee15f4dcd548a8a2ddd9eb/element'
[DEBUG] 

Request DefaultHttpRequest(decodeResult: success, version: HTTP/1.1)
POST /session/9bd33102c2ee15f4dcd548a8a2ddd9eb/element HTTP/1.1
User-Agent: selenium/4.8.2 (java windows)
Content-Length: 68
Content-Type: application/json; charset=utf-8
host: localhost:6213
accept: */*

Response DefaultHttpResponse(decodeResult: success, version: HTTP/1.1)
HTTP/1.1 200 OK
Content-Length: 95
Content-Type: application/json; charset=utf-8
cache-control: no-cache

[DEBUG] Adding key: http://localhost:6213 for channel [id: 0xf4896cd9, L:/127.0.0.1:58732 - R:localhost/127.0.0.1:6213]
[DEBUG] Using pooled Channel '[id: 0xf4896cd9, L:/127.0.0.1:58732 - R:localhost/127.0.0.1:6213]' for 'POST' to 'http://localhost:6213/session/9bd33102c2ee15f4dcd548a8a2ddd9eb/execute/sync'
[DEBUG] Using open Channel [id: 0xf4896cd9, L:/127.0.0.1:58732 - R:localhost/127.0.0.1:6213] for POST '/session/9bd33102c2ee15f4dcd548a8a2ddd9eb/execute/sync'
[DEBUG] 

Request DefaultHttpRequest(decodeResult: success, version: HTTP/1.1)
POST /session/9bd33102c2ee15f4dcd548a8a2ddd9eb/execute/sync HTTP/1.1
User-Agent: selenium/4.8.2 (java windows)
Content-Length: 48814
Content-Type: application/json; charset=utf-8
host: localhost:6213
accept: */*

Response DefaultHttpResponse(decodeResult: success, version: HTTP/1.1)
HTTP/1.1 200 OK
Content-Length: 14
Content-Type: application/json; charset=utf-8
cache-control: no-cache

[DEBUG] Adding key: http://localhost:6213 for channel [id: 0xf4896cd9, L:/127.0.0.1:58732 - R:localhost/127.0.0.1:6213]
[DEBUG] Using pooled Channel '[id: 0xf4896cd9, L:/127.0.0.1:58732 - R:localhost/127.0.0.1:6213]' for 'POST' to 'http://localhost:6213/session/9bd33102c2ee15f4dcd548a8a2ddd9eb/element'
[DEBUG] Using open Channel [id: 0xf4896cd9, L:/127.0.0.1:58732 - R:localhost/127.0.0.1:6213] for POST '/session/9bd33102c2ee15f4dcd548a8a2ddd9eb/element'
[DEBUG] 

Request DefaultHttpRequest(decodeResult: success, version: HTTP/1.1)
POST /session/9bd33102c2ee15f4dcd548a8a2ddd9eb/element HTTP/1.1
User-Agent: selenium/4.8.2 (java windows)
Content-Length: 68
Content-Type: application/json; charset=utf-8
host: localhost:6213
accept: */*

Response DefaultHttpResponse(decodeResult: success, version: HTTP/1.1)
HTTP/1.1 200 OK
Content-Length: 95
Content-Type: application/json; charset=utf-8
cache-control: no-cache

[DEBUG] Adding key: http://localhost:6213 for channel [id: 0xf4896cd9, L:/127.0.0.1:58732 - R:localhost/127.0.0.1:6213]
[DEBUG] Using pooled Channel '[id: 0xf4896cd9, L:/127.0.0.1:58732 - R:localhost/127.0.0.1:6213]' for 'POST' to 'http://localhost:6213/session/9bd33102c2ee15f4dcd548a8a2ddd9eb/execute/sync'
[DEBUG] Using open Channel [id: 0xf4896cd9, L:/127.0.0.1:58732 - R:localhost/127.0.0.1:6213] for POST '/session/9bd33102c2ee15f4dcd548a8a2ddd9eb/execute/sync'
[DEBUG] 

Request DefaultHttpRequest(decodeResult: success, version: HTTP/1.1)
POST /session/9bd33102c2ee15f4dcd548a8a2ddd9eb/execute/sync HTTP/1.1
User-Agent: selenium/4.8.2 (java windows)
Content-Length: 48814
Content-Type: application/json; charset=utf-8
host: localhost:6213
accept: */*

Response DefaultHttpResponse(decodeResult: success, version: HTTP/1.1)
HTTP/1.1 200 OK
Content-Length: 14
Content-Type: application/json; charset=utf-8
cache-control: no-cache

[DEBUG] Adding key: http://localhost:6213 for channel [id: 0xf4896cd9, L:/127.0.0.1:58732 - R:localhost/127.0.0.1:6213]
[DEBUG] Using pooled Channel '[id: 0xf4896cd9, L:/127.0.0.1:58732 - R:localhost/127.0.0.1:6213]' for 'POST' to 'http://localhost:6213/session/9bd33102c2ee15f4dcd548a8a2ddd9eb/element'
[DEBUG] Using open Channel [id: 0xf4896cd9, L:/127.0.0.1:58732 - R:localhost/127.0.0.1:6213] for POST '/session/9bd33102c2ee15f4dcd548a8a2ddd9eb/element'
[DEBUG] 

Request DefaultHttpRequest(decodeResult: success, version: HTTP/1.1)
POST /session/9bd33102c2ee15f4dcd548a8a2ddd9eb/element HTTP/1.1
User-Agent: selenium/4.8.2 (java windows)
Content-Length: 65
Content-Type: application/json; charset=utf-8
host: localhost:6213
accept: */*

Response DefaultHttpResponse(decodeResult: success, version: HTTP/1.1)
HTTP/1.1 200 OK
Content-Length: 95
Content-Type: application/json; charset=utf-8
cache-control: no-cache

[DEBUG] Adding key: http://localhost:6213 for channel [id: 0xf4896cd9, L:/127.0.0.1:58732 - R:localhost/127.0.0.1:6213]
[DEBUG] Using pooled Channel '[id: 0xf4896cd9, L:/127.0.0.1:58732 - R:localhost/127.0.0.1:6213]' for 'POST' to 'http://localhost:6213/session/9bd33102c2ee15f4dcd548a8a2ddd9eb/execute/sync'
[DEBUG] Using open Channel [id: 0xf4896cd9, L:/127.0.0.1:58732 - R:localhost/127.0.0.1:6213] for POST '/session/9bd33102c2ee15f4dcd548a8a2ddd9eb/execute/sync'
[DEBUG] 

Request DefaultHttpRequest(decodeResult: success, version: HTTP/1.1)
POST /session/9bd33102c2ee15f4dcd548a8a2ddd9eb/execute/sync HTTP/1.1
User-Agent: selenium/4.8.2 (java windows)
Content-Length: 48814
Content-Type: application/json; charset=utf-8
host: localhost:6213
accept: */*

Response DefaultHttpResponse(decodeResult: success, version: HTTP/1.1)
HTTP/1.1 200 OK
Content-Length: 14
Content-Type: application/json; charset=utf-8
cache-control: no-cache

[DEBUG] Adding key: http://localhost:6213 for channel [id: 0xf4896cd9, L:/127.0.0.1:58732 - R:localhost/127.0.0.1:6213]
[DEBUG] Using pooled Channel '[id: 0xf4896cd9, L:/127.0.0.1:58732 - R:localhost/127.0.0.1:6213]' for 'POST' to 'http://localhost:6213/session/9bd33102c2ee15f4dcd548a8a2ddd9eb/element'
[DEBUG] Using open Channel [id: 0xf4896cd9, L:/127.0.0.1:58732 - R:localhost/127.0.0.1:6213] for POST '/session/9bd33102c2ee15f4dcd548a8a2ddd9eb/element'
[DEBUG] 

Request DefaultHttpRequest(decodeResult: success, version: HTTP/1.1)
POST /session/9bd33102c2ee15f4dcd548a8a2ddd9eb/element HTTP/1.1
User-Agent: selenium/4.8.2 (java windows)
Content-Length: 65
Content-Type: application/json; charset=utf-8
host: localhost:6213
accept: */*

Response DefaultHttpResponse(decodeResult: success, version: HTTP/1.1)
HTTP/1.1 200 OK
Content-Length: 95
Content-Type: application/json; charset=utf-8
cache-control: no-cache

[DEBUG] Adding key: http://localhost:6213 for channel [id: 0xf4896cd9, L:/127.0.0.1:58732 - R:localhost/127.0.0.1:6213]
[DEBUG] Using pooled Channel '[id: 0xf4896cd9, L:/127.0.0.1:58732 - R:localhost/127.0.0.1:6213]' for 'POST' to 'http://localhost:6213/session/9bd33102c2ee15f4dcd548a8a2ddd9eb/execute/sync'
[DEBUG] Using open Channel [id: 0xf4896cd9, L:/127.0.0.1:58732 - R:localhost/127.0.0.1:6213] for POST '/session/9bd33102c2ee15f4dcd548a8a2ddd9eb/execute/sync'
[DEBUG] 

Request DefaultHttpRequest(decodeResult: success, version: HTTP/1.1)
POST /session/9bd33102c2ee15f4dcd548a8a2ddd9eb/execute/sync HTTP/1.1
User-Agent: selenium/4.8.2 (java windows)
Content-Length: 48814
Content-Type: application/json; charset=utf-8
host: localhost:6213
accept: */*

Response DefaultHttpResponse(decodeResult: success, version: HTTP/1.1)
HTTP/1.1 200 OK
Content-Length: 14
Content-Type: application/json; charset=utf-8
cache-control: no-cache

[DEBUG] Adding key: http://localhost:6213 for channel [id: 0xf4896cd9, L:/127.0.0.1:58732 - R:localhost/127.0.0.1:6213]
[DEBUG] Using pooled Channel '[id: 0xf4896cd9, L:/127.0.0.1:58732 - R:localhost/127.0.0.1:6213]' for 'POST' to 'http://localhost:6213/session/9bd33102c2ee15f4dcd548a8a2ddd9eb/element'
[DEBUG] Using open Channel [id: 0xf4896cd9, L:/127.0.0.1:58732 - R:localhost/127.0.0.1:6213] for POST '/session/9bd33102c2ee15f4dcd548a8a2ddd9eb/element'
[DEBUG] 

Request DefaultHttpRequest(decodeResult: success, version: HTTP/1.1)
POST /session/9bd33102c2ee15f4dcd548a8a2ddd9eb/element HTTP/1.1
User-Agent: selenium/4.8.2 (java windows)
Content-Length: 69
Content-Type: application/json; charset=utf-8
host: localhost:6213
accept: */*

Response DefaultHttpResponse(decodeResult: success, version: HTTP/1.1)
HTTP/1.1 200 OK
Content-Length: 95
Content-Type: application/json; charset=utf-8
cache-control: no-cache

[DEBUG] Adding key: http://localhost:6213 for channel [id: 0xf4896cd9, L:/127.0.0.1:58732 - R:localhost/127.0.0.1:6213]
[DEBUG] Using pooled Channel '[id: 0xf4896cd9, L:/127.0.0.1:58732 - R:localhost/127.0.0.1:6213]' for 'POST' to 'http://localhost:6213/session/9bd33102c2ee15f4dcd548a8a2ddd9eb/execute/sync'
[DEBUG] Using open Channel [id: 0xf4896cd9, L:/127.0.0.1:58732 - R:localhost/127.0.0.1:6213] for POST '/session/9bd33102c2ee15f4dcd548a8a2ddd9eb/execute/sync'
[DEBUG] 

Request DefaultHttpRequest(decodeResult: success, version: HTTP/1.1)
POST /session/9bd33102c2ee15f4dcd548a8a2ddd9eb/execute/sync HTTP/1.1
User-Agent: selenium/4.8.2 (java windows)
Content-Length: 48814
Content-Type: application/json; charset=utf-8
host: localhost:6213
accept: */*

Response DefaultHttpResponse(decodeResult: success, version: HTTP/1.1)
HTTP/1.1 200 OK
Content-Length: 14
Content-Type: application/json; charset=utf-8
cache-control: no-cache

[DEBUG] Adding key: http://localhost:6213 for channel [id: 0xf4896cd9, L:/127.0.0.1:58732 - R:localhost/127.0.0.1:6213]
[DEBUG] Using pooled Channel '[id: 0xf4896cd9, L:/127.0.0.1:58732 - R:localhost/127.0.0.1:6213]' for 'POST' to 'http://localhost:6213/session/9bd33102c2ee15f4dcd548a8a2ddd9eb/element'
[DEBUG] Using open Channel [id: 0xf4896cd9, L:/127.0.0.1:58732 - R:localhost/127.0.0.1:6213] for POST '/session/9bd33102c2ee15f4dcd548a8a2ddd9eb/element'
[DEBUG] 

Request DefaultHttpRequest(decodeResult: success, version: HTTP/1.1)
POST /session/9bd33102c2ee15f4dcd548a8a2ddd9eb/element HTTP/1.1
User-Agent: selenium/4.8.2 (java windows)
Content-Length: 69
Content-Type: application/json; charset=utf-8
host: localhost:6213
accept: */*

Response DefaultHttpResponse(decodeResult: success, version: HTTP/1.1)
HTTP/1.1 200 OK
Content-Length: 95
Content-Type: application/json; charset=utf-8
cache-control: no-cache

[DEBUG] Adding key: http://localhost:6213 for channel [id: 0xf4896cd9, L:/127.0.0.1:58732 - R:localhost/127.0.0.1:6213]
[DEBUG] Using pooled Channel '[id: 0xf4896cd9, L:/127.0.0.1:58732 - R:localhost/127.0.0.1:6213]' for 'POST' to 'http://localhost:6213/session/9bd33102c2ee15f4dcd548a8a2ddd9eb/execute/sync'
[DEBUG] Using open Channel [id: 0xf4896cd9, L:/127.0.0.1:58732 - R:localhost/127.0.0.1:6213] for POST '/session/9bd33102c2ee15f4dcd548a8a2ddd9eb/execute/sync'
[DEBUG] 

Request DefaultHttpRequest(decodeResult: success, version: HTTP/1.1)
POST /session/9bd33102c2ee15f4dcd548a8a2ddd9eb/execute/sync HTTP/1.1
User-Agent: selenium/4.8.2 (java windows)
Content-Length: 48814
Content-Type: application/json; charset=utf-8
host: localhost:6213
accept: */*

Response DefaultHttpResponse(decodeResult: success, version: HTTP/1.1)
HTTP/1.1 200 OK
Content-Length: 14
Content-Type: application/json; charset=utf-8
cache-control: no-cache

[DEBUG] Adding key: http://localhost:6213 for channel [id: 0xf4896cd9, L:/127.0.0.1:58732 - R:localhost/127.0.0.1:6213]
[DEBUG] Using pooled Channel '[id: 0xf4896cd9, L:/127.0.0.1:58732 - R:localhost/127.0.0.1:6213]' for 'POST' to 'http://localhost:6213/session/9bd33102c2ee15f4dcd548a8a2ddd9eb/element'
[DEBUG] Using open Channel [id: 0xf4896cd9, L:/127.0.0.1:58732 - R:localhost/127.0.0.1:6213] for POST '/session/9bd33102c2ee15f4dcd548a8a2ddd9eb/element'
[DEBUG] 

Request DefaultHttpRequest(decodeResult: success, version: HTTP/1.1)
POST /session/9bd33102c2ee15f4dcd548a8a2ddd9eb/element HTTP/1.1
User-Agent: selenium/4.8.2 (java windows)
Content-Length: 68
Content-Type: application/json; charset=utf-8
host: localhost:6213
accept: */*

Response DefaultHttpResponse(decodeResult: success, version: HTTP/1.1)
HTTP/1.1 200 OK
Content-Length: 95
Content-Type: application/json; charset=utf-8
cache-control: no-cache

[DEBUG] Adding key: http://localhost:6213 for channel [id: 0xf4896cd9, L:/127.0.0.1:58732 - R:localhost/127.0.0.1:6213]
[DEBUG] Using pooled Channel '[id: 0xf4896cd9, L:/127.0.0.1:58732 - R:localhost/127.0.0.1:6213]' for 'POST' to 'http://localhost:6213/session/9bd33102c2ee15f4dcd548a8a2ddd9eb/execute/sync'
[DEBUG] Using open Channel [id: 0xf4896cd9, L:/127.0.0.1:58732 - R:localhost/127.0.0.1:6213] for POST '/session/9bd33102c2ee15f4dcd548a8a2ddd9eb/execute/sync'
[DEBUG] 

Request DefaultHttpRequest(decodeResult: success, version: HTTP/1.1)
POST /session/9bd33102c2ee15f4dcd548a8a2ddd9eb/execute/sync HTTP/1.1
User-Agent: selenium/4.8.2 (java windows)
Content-Length: 48814
Content-Type: application/json; charset=utf-8
host: localhost:6213
accept: */*

Response DefaultHttpResponse(decodeResult: success, version: HTTP/1.1)
HTTP/1.1 200 OK
Content-Length: 14
Content-Type: application/json; charset=utf-8
cache-control: no-cache

[DEBUG] Adding key: http://localhost:6213 for channel [id: 0xf4896cd9, L:/127.0.0.1:58732 - R:localhost/127.0.0.1:6213]
[DEBUG] Using pooled Channel '[id: 0xf4896cd9, L:/127.0.0.1:58732 - R:localhost/127.0.0.1:6213]' for 'POST' to 'http://localhost:6213/session/9bd33102c2ee15f4dcd548a8a2ddd9eb/element'
[DEBUG] Using open Channel [id: 0xf4896cd9, L:/127.0.0.1:58732 - R:localhost/127.0.0.1:6213] for POST '/session/9bd33102c2ee15f4dcd548a8a2ddd9eb/element'
[DEBUG] 

Request DefaultHttpRequest(decodeResult: success, version: HTTP/1.1)
POST /session/9bd33102c2ee15f4dcd548a8a2ddd9eb/element HTTP/1.1
User-Agent: selenium/4.8.2 (java windows)
Content-Length: 68
Content-Type: application/json; charset=utf-8
host: localhost:6213
accept: */*

Response DefaultHttpResponse(decodeResult: success, version: HTTP/1.1)
HTTP/1.1 200 OK
Content-Length: 95
Content-Type: application/json; charset=utf-8
cache-control: no-cache

[DEBUG] Adding key: http://localhost:6213 for channel [id: 0xf4896cd9, L:/127.0.0.1:58732 - R:localhost/127.0.0.1:6213]
[DEBUG] Using pooled Channel '[id: 0xf4896cd9, L:/127.0.0.1:58732 - R:localhost/127.0.0.1:6213]' for 'POST' to 'http://localhost:6213/session/9bd33102c2ee15f4dcd548a8a2ddd9eb/execute/sync'
[DEBUG] Using open Channel [id: 0xf4896cd9, L:/127.0.0.1:58732 - R:localhost/127.0.0.1:6213] for POST '/session/9bd33102c2ee15f4dcd548a8a2ddd9eb/execute/sync'
[DEBUG] 

Request DefaultHttpRequest(decodeResult: success, version: HTTP/1.1)
POST /session/9bd33102c2ee15f4dcd548a8a2ddd9eb/execute/sync HTTP/1.1
User-Agent: selenium/4.8.2 (java windows)
Content-Length: 48814
Content-Type: application/json; charset=utf-8
host: localhost:6213
accept: */*

Response DefaultHttpResponse(decodeResult: success, version: HTTP/1.1)
HTTP/1.1 200 OK
Content-Length: 14
Content-Type: application/json; charset=utf-8
cache-control: no-cache

[DEBUG] Adding key: http://localhost:6213 for channel [id: 0xf4896cd9, L:/127.0.0.1:58732 - R:localhost/127.0.0.1:6213]
]]></system-out>
  </testcase>
  <testcase name="searchWithValidProduct" classname="com.qa.ninja.testcases.Ninja_SearchTests" time="1.314">
    <system-out><![CDATA[[DEBUG] Using pooled Channel '[id: 0x588af421, L:/127.0.0.1:58829 - R:localhost/127.0.0.1:17743]' for 'POST' to 'http://localhost:17743/session/1ea7a75bb65e8a23ec23720bc8182c9e/element'
[DEBUG] Using open Channel [id: 0x588af421, L:/127.0.0.1:58829 - R:localhost/127.0.0.1:17743] for POST '/session/1ea7a75bb65e8a23ec23720bc8182c9e/element'
[DEBUG] 

Request DefaultHttpRequest(decodeResult: success, version: HTTP/1.1)
POST /session/1ea7a75bb65e8a23ec23720bc8182c9e/element HTTP/1.1
User-Agent: selenium/4.8.2 (java windows)
Content-Length: 60
Content-Type: application/json; charset=utf-8
host: localhost:17743
accept: */*

Response DefaultHttpResponse(decodeResult: success, version: HTTP/1.1)
HTTP/1.1 200 OK
Content-Length: 95
Content-Type: application/json; charset=utf-8
cache-control: no-cache

[DEBUG] Adding key: http://localhost:17743 for channel [id: 0x588af421, L:/127.0.0.1:58829 - R:localhost/127.0.0.1:17743]
[DEBUG] Using pooled Channel '[id: 0x588af421, L:/127.0.0.1:58829 - R:localhost/127.0.0.1:17743]' for 'POST' to 'http://localhost:17743/session/1ea7a75bb65e8a23ec23720bc8182c9e/element/CB03FB4868C902F735D7492BE035052E_element_63/value'
[DEBUG] Using open Channel [id: 0x588af421, L:/127.0.0.1:58829 - R:localhost/127.0.0.1:17743] for POST '/session/1ea7a75bb65e8a23ec23720bc8182c9e/element/CB03FB4868C902F735D7492BE035052E_element_63/value'
[DEBUG] 

Request DefaultHttpRequest(decodeResult: success, version: HTTP/1.1)
POST /session/1ea7a75bb65e8a23ec23720bc8182c9e/element/CB03FB4868C902F735D7492BE035052E_element_63/value HTTP/1.1
User-Agent: selenium/4.8.2 (java windows)
Content-Length: 158
Content-Type: application/json; charset=utf-8
host: localhost:17743
accept: */*

Response DefaultHttpResponse(decodeResult: success, version: HTTP/1.1)
HTTP/1.1 200 OK
Content-Length: 14
Content-Type: application/json; charset=utf-8
cache-control: no-cache

[DEBUG] Adding key: http://localhost:17743 for channel [id: 0x588af421, L:/127.0.0.1:58829 - R:localhost/127.0.0.1:17743]
[DEBUG] Using pooled Channel '[id: 0x588af421, L:/127.0.0.1:58829 - R:localhost/127.0.0.1:17743]' for 'POST' to 'http://localhost:17743/session/1ea7a75bb65e8a23ec23720bc8182c9e/element'
[DEBUG] Using open Channel [id: 0x588af421, L:/127.0.0.1:58829 - R:localhost/127.0.0.1:17743] for POST '/session/1ea7a75bb65e8a23ec23720bc8182c9e/element'
[DEBUG] 

Request DefaultHttpRequest(decodeResult: success, version: HTTP/1.1)
POST /session/1ea7a75bb65e8a23ec23720bc8182c9e/element HTTP/1.1
User-Agent: selenium/4.8.2 (java windows)
Content-Length: 73
Content-Type: application/json; charset=utf-8
host: localhost:17743
accept: */*

Response DefaultHttpResponse(decodeResult: success, version: HTTP/1.1)
HTTP/1.1 200 OK
Content-Length: 95
Content-Type: application/json; charset=utf-8
cache-control: no-cache

[DEBUG] Adding key: http://localhost:17743 for channel [id: 0x588af421, L:/127.0.0.1:58829 - R:localhost/127.0.0.1:17743]
[DEBUG] Using pooled Channel '[id: 0x588af421, L:/127.0.0.1:58829 - R:localhost/127.0.0.1:17743]' for 'POST' to 'http://localhost:17743/session/1ea7a75bb65e8a23ec23720bc8182c9e/element/CB03FB4868C902F735D7492BE035052E_element_65/click'
[DEBUG] Using open Channel [id: 0x588af421, L:/127.0.0.1:58829 - R:localhost/127.0.0.1:17743] for POST '/session/1ea7a75bb65e8a23ec23720bc8182c9e/element/CB03FB4868C902F735D7492BE035052E_element_65/click'
[DEBUG] Entry count for : http://localhost:58795 : 1
[DEBUG] Entry count for : http://localhost:58761 : 1
[DEBUG] Entry count for : http://localhost:58733 : 1
[DEBUG] Entry count for : http://localhost:18133 : 1
[DEBUG] Entry count for : http://localhost:58830 : 1
[DEBUG] Entry count for : http://localhost:6213 : 1
[DEBUG] Entry count for : http://localhost:32123 : 1
[DEBUG] 

Request DefaultHttpRequest(decodeResult: success, version: HTTP/1.1)
POST /session/1ea7a75bb65e8a23ec23720bc8182c9e/element/CB03FB4868C902F735D7492BE035052E_element_65/click HTTP/1.1
User-Agent: selenium/4.8.2 (java windows)
Content-Length: 57
Content-Type: application/json; charset=utf-8
host: localhost:17743
accept: */*

Response DefaultHttpResponse(decodeResult: success, version: HTTP/1.1)
HTTP/1.1 200 OK
Content-Length: 14
Content-Type: application/json; charset=utf-8
cache-control: no-cache

[DEBUG] Adding key: http://localhost:17743 for channel [id: 0x588af421, L:/127.0.0.1:58829 - R:localhost/127.0.0.1:17743]
[DEBUG] Using pooled Channel '[id: 0x588af421, L:/127.0.0.1:58829 - R:localhost/127.0.0.1:17743]' for 'POST' to 'http://localhost:17743/session/1ea7a75bb65e8a23ec23720bc8182c9e/element'
[DEBUG] Using open Channel [id: 0x588af421, L:/127.0.0.1:58829 - R:localhost/127.0.0.1:17743] for POST '/session/1ea7a75bb65e8a23ec23720bc8182c9e/element'
[DEBUG] 

Request DefaultHttpRequest(decodeResult: success, version: HTTP/1.1)
POST /session/1ea7a75bb65e8a23ec23720bc8182c9e/element HTTP/1.1
User-Agent: selenium/4.8.2 (java windows)
Content-Length: 48
Content-Type: application/json; charset=utf-8
host: localhost:17743
accept: */*

Response DefaultHttpResponse(decodeResult: success, version: HTTP/1.1)
HTTP/1.1 200 OK
Content-Length: 95
Content-Type: application/json; charset=utf-8
cache-control: no-cache

[DEBUG] Adding key: http://localhost:17743 for channel [id: 0x588af421, L:/127.0.0.1:58829 - R:localhost/127.0.0.1:17743]
[DEBUG] Using pooled Channel '[id: 0x588af421, L:/127.0.0.1:58829 - R:localhost/127.0.0.1:17743]' for 'POST' to 'http://localhost:17743/session/1ea7a75bb65e8a23ec23720bc8182c9e/execute/sync'
[DEBUG] Using open Channel [id: 0x588af421, L:/127.0.0.1:58829 - R:localhost/127.0.0.1:17743] for POST '/session/1ea7a75bb65e8a23ec23720bc8182c9e/execute/sync'
[DEBUG] 

Request DefaultHttpRequest(decodeResult: success, version: HTTP/1.1)
POST /session/1ea7a75bb65e8a23ec23720bc8182c9e/execute/sync HTTP/1.1
User-Agent: selenium/4.8.2 (java windows)
Content-Length: 48814
Content-Type: application/json; charset=utf-8
host: localhost:17743
accept: */*

Response DefaultHttpResponse(decodeResult: success, version: HTTP/1.1)
HTTP/1.1 200 OK
Content-Length: 14
Content-Type: application/json; charset=utf-8
cache-control: no-cache

[DEBUG] Adding key: http://localhost:17743 for channel [id: 0x588af421, L:/127.0.0.1:58829 - R:localhost/127.0.0.1:17743]
]]></system-out>
  </testcase>
</testsuite>