<?xml version="1.0" encoding="UTF-8"?>
<!-- Generated by org.testng.reporters.JUnitReportReporter -->
<testsuite hostname="LAPTOP-PLNO5R2G" failures="0" tests="2" name="com.qa.ninja.testcases.Ninja_SearchTests" time="1.798" errors="0" timestamp="2023-05-26T16:33:10 PDT" skipped="0">
  <testcase classname="com.qa.ninja.testcases.Ninja_SearchTests" name="searchWithValidProduct" time="1.299"/>
  <system-out/>
  <testcase classname="com.qa.ninja.testcases.Ninja_SearchTests" name="searchWithInvalidProduct" time="0.499"/>
  <system-out/>
</testsuite> <!-- com.qa.ninja.testcases.Ninja_SearchTests -->
