<?xml version="1.0" encoding="UTF-8"?>
<!-- Generated by org.testng.reporters.JUnitReportReporter -->
<testsuite hostname="LAPTOP-PLNO5R2G" failures="0" tests="11" name="com.qa.ninja.testcases.Ninja_LoginPageTest" time="7.927" errors="0" timestamp="2023-05-26T16:33:10 PDT" skipped="0">
  <testcase classname="com.qa.ninja.testcases.Ninja_LoginPageTest" name="loginWithInvalidCredentials" time="0.907"/>
  <system-out/>
  <testcase classname="com.qa.ninja.testcases.Ninja_LoginPageTest" name="loginWithValidUsernameInvalidPassword" time="0.632"/>
  <system-out/>
  <testcase classname="com.qa.ninja.testcases.Ninja_LoginPageTest" name="loginWithInvalidUsernameValidPassword" time="0.707"/>
  <system-out/>
  <testcase classname="com.qa.ninja.testcases.Ninja_LoginPageTest" name="loginWithNoCredentials" time="0.484"/>
  <system-out/>
  <testcase classname="com.qa.ninja.testcases.Ninja_LoginPageTest" name="loginWithValidCredentials" time="0.687"/>
  <system-out/>
  <testcase classname="com.qa.ninja.testcases.Ninja_LoginPageTest" name="loginWithValidCredentials" time="0.819"/>
  <system-out/>
  <testcase classname="com.qa.ninja.testcases.Ninja_LoginPageTest" name="loginWithValidCredentials" time="0.871"/>
  <system-out/>
  <testcase classname="com.qa.ninja.testcases.Ninja_LoginPageTest" name="loginWithValidCredentials" time="0.690"/>
  <system-out/>
  <testcase classname="com.qa.ninja.testcases.Ninja_LoginPageTest" name="loginWithValidCredentials" time="0.721"/>
  <system-out/>
  <testcase classname="com.qa.ninja.testcases.Ninja_LoginPageTest" name="loginWithValidCredentials" time="0.668"/>
  <system-out/>
  <testcase classname="com.qa.ninja.testcases.Ninja_LoginPageTest" name="loginWithValidCredentials" time="0.741"/>
  <system-out/>
</testsuite> <!-- com.qa.ninja.testcases.Ninja_LoginPageTest -->
