<?xml version="1.0" encoding="UTF-8"?>
<!-- Generated by org.testng.reporters.JUnitReportReporter -->
<testsuite hostname="LAPTOP-PLNO5R2G" failures="0" tests="2" name="com.qa.ninja.testcases.Ninja_LoginTests" time="0.547" errors="0" timestamp="2023-05-23T12:21:29 PDT" skipped="0">
  <testcase classname="com.qa.ninja.testcases.Ninja_LoginTests" name="pageTitleandpageUrl" time="0.025"/>
  <system-out/>
  <testcase classname="com.qa.ninja.testcases.Ninja_LoginTests" name="presenceofQAFoxlink" time="0.522"/>
  <system-out/>
</testsuite> <!-- com.qa.ninja.testcases.Ninja_LoginTests -->
