<?xml version="1.0" encoding="UTF-8"?>
<!-- Generated by org.testng.reporters.JUnitReportReporter -->
<testsuite hostname="LAPTOP-PLNO5R2G" failures="0" tests="4" name="com.qa.ninja.testcases.Ninja_CreateAnAccountTests" time="2.998" errors="0" timestamp="2023-05-26T16:33:10 PDT" skipped="0">
  <testcase classname="com.qa.ninja.testcases.Ninja_CreateAnAccountTests" name="registrationWithNoDetails" time="0.817"/>
  <system-out/>
  <testcase classname="com.qa.ninja.testcases.Ninja_CreateAnAccountTests" name="verifyRegistrationWithMandotaryFields" time="1.031"/>
  <system-out/>
  <testcase classname="com.qa.ninja.testcases.Ninja_CreateAnAccountTests" name="verifyRegistrationWithAllFields" time="0.551"/>
  <system-out/>
  <testcase classname="com.qa.ninja.testcases.Ninja_CreateAnAccountTests" name="registrationWithExistingEmailId" time="0.599"/>
  <system-out/>
</testsuite> <!-- com.qa.ninja.testcases.Ninja_CreateAnAccountTests -->
