<?xml version="1.0" encoding="UTF-8"?>
<!-- Generated by org.testng.reporters.JUnitReportReporter -->
<testsuite hostname="LAPTOP-PLNO5R2G" failures="0" tests="1" name="com.qa.ninja.testcases.Ninja_LandinPageTest" time="0.035" errors="0" timestamp="2023-05-26T16:33:10 PDT" skipped="0">
  <testcase classname="com.qa.ninja.testcases.Ninja_LandinPageTest" name="pageTitleandpageUrl" time="0.035"/>
  <system-out/>
</testsuite> <!-- com.qa.ninja.testcases.Ninja_LandinPageTest -->
