<?xml version="1.0" encoding="UTF-8"?>
<!-- Generated by org.testng.reporters.JUnitReportReporter -->
<testsuite skipped="0" hostname="LAPTOP-PLNO5R2G" name="com.qa.ninja.testcases.Ninja_LoginPageTest" tests="1" failures="0" timestamp="26 May 2023 23:35:01 GMT" time="0.912" errors="0">
  <testcase name="loginWithInvalidCredentials" time="0.912" classname="com.qa.ninja.testcases.Ninja_LoginPageTest"/>
</testsuite> <!-- com.qa.ninja.testcases.Ninja_LoginPageTest -->
